D:\THEMINERS\COCOSDENSHION\PROJ.WIN32\DEBUG.WIN32\MCIPLAYER.OBJ
D:\THEMINERS\COCOSDENSHION\PROJ.WIN32\DEBUG.WIN32\SIMPLEAUDIOENGINE.OBJ
D:\THEMINERS\COCOSDENSHION\PROJ.WIN32\DEBUG.WIN32\VC110.PDB
D:\TheMiners\projects\GoldMiner\proj.win32\Debug.win32\libCocosDenshion.lib
D:\TheMiners\projects\GoldMiner\proj.win32\Debug.win32\libCocosDenshion.exp
D:\THEMINERS\PROJECTS\GOLDMINER\PROJ.WIN32\DEBUG.WIN32\LIBCOCOSDENSHION.DLL
D:\THEMINERS\PROJECTS\GOLDMINER\PROJ.WIN32\DEBUG.WIN32\LIBCOCOSDENSHION.PDB
D:\TheMiners\CocosDenshion\proj.win32\Debug.win32\MciPlayer.obj
D:\TheMiners\CocosDenshion\proj.win32\Debug.win32\SimpleAudioEngine.obj
D:\TheMiners\CocosDenshion\proj.win32\Debug.win32\cl.command.1.tlog
D:\TheMiners\CocosDenshion\proj.win32\Debug.win32\CL.read.1.tlog
D:\TheMiners\CocosDenshion\proj.win32\Debug.win32\CL.write.1.tlog
D:\TheMiners\CocosDenshion\proj.win32\Debug.win32\libCocosDenshion.write.1.tlog
D:\TheMiners\CocosDenshion\proj.win32\Debug.win32\link-cvtres.read.1.tlog
D:\TheMiners\CocosDenshion\proj.win32\Debug.win32\link-cvtres.write.1.tlog
D:\TheMiners\CocosDenshion\proj.win32\Debug.win32\link-rc.read.1.tlog
D:\TheMiners\CocosDenshion\proj.win32\Debug.win32\link-rc.write.1.tlog
D:\TheMiners\CocosDenshion\proj.win32\Debug.win32\link.command.1.tlog
D:\TheMiners\CocosDenshion\proj.win32\Debug.win32\link.read.1.tlog
D:\TheMiners\CocosDenshion\proj.win32\Debug.win32\link.write.1.tlog
D:\TheMiners\CocosDenshion\proj.win32\Debug.win32\vc110.idb
D:\TheMiners\CocosDenshion\proj.win32\Debug.win32\vc120.idb
D:\TheMiners\CocosDenshion\proj.win32\Debug.win32\vc110.pdb
D:\TheMiners\CocosDenshion\proj.win32\Debug.win32\vc120.pdb
D:\TheMiners\projects\GoldMiner\proj.win32\Debug.win32\libCocosDenshion.dll
