D:\THEMINERS\EXTENSIONS\PROJ.WIN32\DEBUG.WIN32\ANIMATIONSTATEDATA.OBJ
D:\THEMINERS\EXTENSIONS\PROJ.WIN32\DEBUG.WIN32\ATLAS.OBJ
D:\THEMINERS\EXTENSIONS\PROJ.WIN32\DEBUG.WIN32\ATLASATTACHMENTLOADER.OBJ
D:\THEMINERS\EXTENSIONS\PROJ.WIN32\DEBUG.WIN32\ATTACHMENT.OBJ
D:\THEMINERS\EXTENSIONS\PROJ.WIN32\DEBUG.WIN32\ATTACHMENTLOADER.OBJ
D:\THEMINERS\EXTENSIONS\PROJ.WIN32\DEBUG.WIN32\BONE.OBJ
D:\THEMINERS\EXTENSIONS\PROJ.WIN32\DEBUG.WIN32\BONEDATA.OBJ
D:\THEMINERS\EXTENSIONS\PROJ.WIN32\DEBUG.WIN32\CCSKELETON.OBJ
D:\THEMINERS\EXTENSIONS\PROJ.WIN32\DEBUG.WIN32\CCSKELETONANIMATION.OBJ
D:\THEMINERS\EXTENSIONS\PROJ.WIN32\DEBUG.WIN32\EXTENSION.OBJ
D:\THEMINERS\EXTENSIONS\PROJ.WIN32\DEBUG.WIN32\JSON.OBJ
D:\THEMINERS\EXTENSIONS\PROJ.WIN32\DEBUG.WIN32\REGIONATTACHMENT.OBJ
D:\THEMINERS\EXTENSIONS\PROJ.WIN32\DEBUG.WIN32\SKELETON.OBJ
D:\THEMINERS\EXTENSIONS\PROJ.WIN32\DEBUG.WIN32\SKELETONDATA.OBJ
D:\THEMINERS\EXTENSIONS\PROJ.WIN32\DEBUG.WIN32\SKELETONJSON.OBJ
D:\THEMINERS\EXTENSIONS\PROJ.WIN32\DEBUG.WIN32\SKIN.OBJ
D:\THEMINERS\EXTENSIONS\PROJ.WIN32\DEBUG.WIN32\SLOT.OBJ
D:\THEMINERS\EXTENSIONS\PROJ.WIN32\DEBUG.WIN32\SLOTDATA.OBJ
D:\THEMINERS\EXTENSIONS\PROJ.WIN32\DEBUG.WIN32\SPINE-COCOS2DX.OBJ
D:\THEMINERS\EXTENSIONS\PROJ.WIN32\DEBUG.WIN32\WIN32INPUTBOX.OBJ
D:\THEMINERS\EXTENSIONS\PROJ.WIN32\DEBUG.WIN32\CCCONTROLSATURATIONBRIGHTNESSPICKER.OBJ
D:\THEMINERS\EXTENSIONS\PROJ.WIN32\DEBUG.WIN32\CCCONTROLSLIDER.OBJ
D:\THEMINERS\EXTENSIONS\PROJ.WIN32\DEBUG.WIN32\CCCONTROLSTEPPER.OBJ
D:\THEMINERS\EXTENSIONS\PROJ.WIN32\DEBUG.WIN32\CCCONTROLSWITCH.OBJ
D:\THEMINERS\EXTENSIONS\PROJ.WIN32\DEBUG.WIN32\CCCONTROLUTILS.OBJ
D:\THEMINERS\EXTENSIONS\PROJ.WIN32\DEBUG.WIN32\CCINVOCATION.OBJ
D:\THEMINERS\EXTENSIONS\PROJ.WIN32\DEBUG.WIN32\CCSCALE9SPRITE.OBJ
D:\THEMINERS\EXTENSIONS\PROJ.WIN32\DEBUG.WIN32\CCEDITBOX.OBJ
D:\THEMINERS\EXTENSIONS\PROJ.WIN32\DEBUG.WIN32\CCEDITBOXIMPLWIN.OBJ
D:\THEMINERS\EXTENSIONS\PROJ.WIN32\DEBUG.WIN32\CCSCROLLVIEW.OBJ
D:\THEMINERS\EXTENSIONS\PROJ.WIN32\DEBUG.WIN32\CCSORTING.OBJ
D:\THEMINERS\EXTENSIONS\PROJ.WIN32\DEBUG.WIN32\CCTABLEVIEW.OBJ
D:\THEMINERS\EXTENSIONS\PROJ.WIN32\DEBUG.WIN32\CCTABLEVIEWCELL.OBJ
D:\THEMINERS\EXTENSIONS\PROJ.WIN32\DEBUG.WIN32\LOCALSTORAGE.OBJ
D:\THEMINERS\EXTENSIONS\PROJ.WIN32\DEBUG.WIN32\HTTPCLIENT.OBJ
D:\THEMINERS\EXTENSIONS\PROJ.WIN32\DEBUG.WIN32\WEBSOCKET.OBJ
D:\THEMINERS\EXTENSIONS\PROJ.WIN32\DEBUG.WIN32\CCPHYSICSDEBUGNODE.OBJ
D:\THEMINERS\EXTENSIONS\PROJ.WIN32\DEBUG.WIN32\CCPHYSICSSPRITE.OBJ
D:\THEMINERS\EXTENSIONS\PROJ.WIN32\DEBUG.WIN32\ANIMATION.OBJ
D:\THEMINERS\EXTENSIONS\PROJ.WIN32\DEBUG.WIN32\ANIMATIONSTATE.OBJ
D:\THEMINERS\EXTENSIONS\PROJ.WIN32\DEBUG.WIN32\CCLAYERGRADIENTLOADER.OBJ
D:\THEMINERS\EXTENSIONS\PROJ.WIN32\DEBUG.WIN32\CCLAYERLOADER.OBJ
D:\THEMINERS\EXTENSIONS\PROJ.WIN32\DEBUG.WIN32\CCMENUITEMIMAGELOADER.OBJ
D:\THEMINERS\EXTENSIONS\PROJ.WIN32\DEBUG.WIN32\CCMENUITEMLOADER.OBJ
D:\THEMINERS\EXTENSIONS\PROJ.WIN32\DEBUG.WIN32\CCNODE+CCBRELATIVEPOSITIONING.OBJ
D:\THEMINERS\EXTENSIONS\PROJ.WIN32\DEBUG.WIN32\CCNODELOADER.OBJ
D:\THEMINERS\EXTENSIONS\PROJ.WIN32\DEBUG.WIN32\CCNODELOADERLIBRARY.OBJ
D:\THEMINERS\EXTENSIONS\PROJ.WIN32\DEBUG.WIN32\CCPARTICLESYSTEMQUADLOADER.OBJ
D:\THEMINERS\EXTENSIONS\PROJ.WIN32\DEBUG.WIN32\CCSCALE9SPRITELOADER.OBJ
D:\THEMINERS\EXTENSIONS\PROJ.WIN32\DEBUG.WIN32\CCSCROLLVIEWLOADER.OBJ
D:\THEMINERS\EXTENSIONS\PROJ.WIN32\DEBUG.WIN32\CCSPRITELOADER.OBJ
D:\THEMINERS\EXTENSIONS\PROJ.WIN32\DEBUG.WIN32\CCCOMATTRIBUTE.OBJ
D:\THEMINERS\EXTENSIONS\PROJ.WIN32\DEBUG.WIN32\CCCOMAUDIO.OBJ
D:\THEMINERS\EXTENSIONS\PROJ.WIN32\DEBUG.WIN32\CCCOMCONTROLLER.OBJ
D:\THEMINERS\EXTENSIONS\PROJ.WIN32\DEBUG.WIN32\CCINPUTDELEGATE.OBJ
D:\THEMINERS\EXTENSIONS\PROJ.WIN32\DEBUG.WIN32\CCCONTROL.OBJ
D:\THEMINERS\EXTENSIONS\PROJ.WIN32\DEBUG.WIN32\CCCONTROLBUTTON.OBJ
D:\THEMINERS\EXTENSIONS\PROJ.WIN32\DEBUG.WIN32\CCCONTROLCOLOURPICKER.OBJ
D:\THEMINERS\EXTENSIONS\PROJ.WIN32\DEBUG.WIN32\CCCONTROLHUEPICKER.OBJ
D:\THEMINERS\EXTENSIONS\PROJ.WIN32\DEBUG.WIN32\CCCONTROLPOTENTIOMETER.OBJ
D:\THEMINERS\EXTENSIONS\PROJ.WIN32\DEBUG.WIN32\CCPHYSICSWORLD.OBJ
D:\THEMINERS\EXTENSIONS\PROJ.WIN32\DEBUG.WIN32\CCARMATUREDATAMANAGER.OBJ
D:\THEMINERS\EXTENSIONS\PROJ.WIN32\DEBUG.WIN32\CCDATAREADERHELPER.OBJ
D:\THEMINERS\EXTENSIONS\PROJ.WIN32\DEBUG.WIN32\CCSPRITEFRAMECACHEHELPER.OBJ
D:\THEMINERS\EXTENSIONS\PROJ.WIN32\DEBUG.WIN32\CCTRANSFORMHELP.OBJ
D:\THEMINERS\EXTENSIONS\PROJ.WIN32\DEBUG.WIN32\CCTWEENFUNCTION.OBJ
D:\THEMINERS\EXTENSIONS\PROJ.WIN32\DEBUG.WIN32\CCUTILMATH.OBJ
D:\THEMINERS\EXTENSIONS\PROJ.WIN32\DEBUG.WIN32\CCBANIMATIONMANAGER.OBJ
D:\THEMINERS\EXTENSIONS\PROJ.WIN32\DEBUG.WIN32\CCBFILELOADER.OBJ
D:\THEMINERS\EXTENSIONS\PROJ.WIN32\DEBUG.WIN32\CCBKEYFRAME.OBJ
D:\THEMINERS\EXTENSIONS\PROJ.WIN32\DEBUG.WIN32\CCBREADER.OBJ
D:\THEMINERS\EXTENSIONS\PROJ.WIN32\DEBUG.WIN32\CCBSEQUENCE.OBJ
D:\THEMINERS\EXTENSIONS\PROJ.WIN32\DEBUG.WIN32\CCBSEQUENCEPROPERTY.OBJ
D:\THEMINERS\EXTENSIONS\PROJ.WIN32\DEBUG.WIN32\CCBVALUE.OBJ
D:\THEMINERS\EXTENSIONS\PROJ.WIN32\DEBUG.WIN32\CCCONTROLBUTTONLOADER.OBJ
D:\THEMINERS\EXTENSIONS\PROJ.WIN32\DEBUG.WIN32\CCCONTROLLOADER.OBJ
D:\THEMINERS\EXTENSIONS\PROJ.WIN32\DEBUG.WIN32\CCDATA.OBJ
D:\THEMINERS\EXTENSIONS\PROJ.WIN32\DEBUG.WIN32\CCLABELBMFONTLOADER.OBJ
D:\THEMINERS\EXTENSIONS\PROJ.WIN32\DEBUG.WIN32\CCLABELTTFLOADER.OBJ
D:\THEMINERS\EXTENSIONS\PROJ.WIN32\DEBUG.WIN32\CCLAYERCOLORLOADER.OBJ
D:\THEMINERS\EXTENSIONS\PROJ.WIN32\DEBUG.WIN32\ASSETSMANAGER.OBJ
D:\THEMINERS\EXTENSIONS\PROJ.WIN32\DEBUG.WIN32\CCARMATUREANIMATION.OBJ
D:\THEMINERS\EXTENSIONS\PROJ.WIN32\DEBUG.WIN32\CCPROCESSBASE.OBJ
D:\THEMINERS\EXTENSIONS\PROJ.WIN32\DEBUG.WIN32\CCTWEEN.OBJ
D:\THEMINERS\EXTENSIONS\PROJ.WIN32\DEBUG.WIN32\CCARMATURE.OBJ
D:\THEMINERS\EXTENSIONS\PROJ.WIN32\DEBUG.WIN32\CCBONE.OBJ
D:\THEMINERS\EXTENSIONS\PROJ.WIN32\DEBUG.WIN32\CCDATAS.OBJ
D:\THEMINERS\EXTENSIONS\PROJ.WIN32\DEBUG.WIN32\CCBATCHNODE.OBJ
D:\THEMINERS\EXTENSIONS\PROJ.WIN32\DEBUG.WIN32\CCDECORATIVEDISPLAY.OBJ
D:\THEMINERS\EXTENSIONS\PROJ.WIN32\DEBUG.WIN32\CCDISPLAYFACTORY.OBJ
D:\THEMINERS\EXTENSIONS\PROJ.WIN32\DEBUG.WIN32\CCDISPLAYMANAGER.OBJ
D:\THEMINERS\EXTENSIONS\PROJ.WIN32\DEBUG.WIN32\CCSHADERNODE.OBJ
D:\THEMINERS\EXTENSIONS\PROJ.WIN32\DEBUG.WIN32\CCSKIN.OBJ
D:\THEMINERS\EXTENSIONS\PROJ.WIN32\DEBUG.WIN32\CCTEXTURE2DMUTABLE.OBJ
D:\THEMINERS\EXTENSIONS\PROJ.WIN32\DEBUG.WIN32\GLES-RENDER.OBJ
D:\THEMINERS\EXTENSIONS\PROJ.WIN32\DEBUG.WIN32\CSCONTENTJSONDICTIONARY.OBJ
D:\THEMINERS\EXTENSIONS\PROJ.WIN32\DEBUG.WIN32\JSON_READER.OBJ
D:\THEMINERS\EXTENSIONS\PROJ.WIN32\DEBUG.WIN32\JSON_VALUE.OBJ
D:\THEMINERS\EXTENSIONS\PROJ.WIN32\DEBUG.WIN32\JSON_WRITER.OBJ
D:\THEMINERS\EXTENSIONS\PROJ.WIN32\DEBUG.WIN32\CCCOLLIDERDETECTOR.OBJ
D:\THEMINERS\EXTENSIONS\PROJ.WIN32\DEBUG.WIN32\VC110.PDB
D:\THEMINERS\PROJECTS\GOLDMINER\PROJ.WIN32\DEBUG.WIN32\LIBEXTENSIONS.LIB
D:\TheMiners\extensions\proj.win32\Debug.win32\Animation.obj
D:\TheMiners\extensions\proj.win32\Debug.win32\AnimationState.obj
D:\TheMiners\extensions\proj.win32\Debug.win32\AnimationStateData.obj
D:\TheMiners\extensions\proj.win32\Debug.win32\AssetsManager.obj
D:\TheMiners\extensions\proj.win32\Debug.win32\Atlas.obj
D:\TheMiners\extensions\proj.win32\Debug.win32\AtlasAttachmentLoader.obj
D:\TheMiners\extensions\proj.win32\Debug.win32\Attachment.obj
D:\TheMiners\extensions\proj.win32\Debug.win32\AttachmentLoader.obj
D:\TheMiners\extensions\proj.win32\Debug.win32\Bone.obj
D:\TheMiners\extensions\proj.win32\Debug.win32\BoneData.obj
D:\TheMiners\extensions\proj.win32\Debug.win32\CCArmature.obj
D:\TheMiners\extensions\proj.win32\Debug.win32\CCArmatureAnimation.obj
D:\TheMiners\extensions\proj.win32\Debug.win32\CCArmatureDataManager.obj
D:\TheMiners\extensions\proj.win32\Debug.win32\CCBAnimationManager.obj
D:\TheMiners\extensions\proj.win32\Debug.win32\CCBatchNode.obj
D:\TheMiners\extensions\proj.win32\Debug.win32\CCBFileLoader.obj
D:\TheMiners\extensions\proj.win32\Debug.win32\CCBKeyframe.obj
D:\TheMiners\extensions\proj.win32\Debug.win32\CCBone.obj
D:\TheMiners\extensions\proj.win32\Debug.win32\CCBReader.obj
D:\TheMiners\extensions\proj.win32\Debug.win32\CCBSequence.obj
D:\TheMiners\extensions\proj.win32\Debug.win32\CCBSequenceProperty.obj
D:\TheMiners\extensions\proj.win32\Debug.win32\CCBValue.obj
D:\TheMiners\extensions\proj.win32\Debug.win32\CCColliderDetector.obj
D:\TheMiners\extensions\proj.win32\Debug.win32\CCComAttribute.obj
D:\TheMiners\extensions\proj.win32\Debug.win32\CCComAudio.obj
D:\TheMiners\extensions\proj.win32\Debug.win32\CCComController.obj
D:\TheMiners\extensions\proj.win32\Debug.win32\CCControl.obj
D:\TheMiners\extensions\proj.win32\Debug.win32\CCControlButton.obj
D:\TheMiners\extensions\proj.win32\Debug.win32\CCControlButtonLoader.obj
D:\TheMiners\extensions\proj.win32\Debug.win32\CCControlColourPicker.obj
D:\TheMiners\extensions\proj.win32\Debug.win32\CCControlHuePicker.obj
D:\TheMiners\extensions\proj.win32\Debug.win32\CCControlLoader.obj
D:\TheMiners\extensions\proj.win32\Debug.win32\CCControlPotentiometer.obj
D:\TheMiners\extensions\proj.win32\Debug.win32\CCControlSaturationBrightnessPicker.obj
D:\TheMiners\extensions\proj.win32\Debug.win32\CCControlSlider.obj
D:\TheMiners\extensions\proj.win32\Debug.win32\CCControlStepper.obj
D:\TheMiners\extensions\proj.win32\Debug.win32\CCControlSwitch.obj
D:\TheMiners\extensions\proj.win32\Debug.win32\CCControlUtils.obj
D:\TheMiners\extensions\proj.win32\Debug.win32\CCData.obj
D:\TheMiners\extensions\proj.win32\Debug.win32\CCDataReaderHelper.obj
D:\TheMiners\extensions\proj.win32\Debug.win32\CCDatas.obj
D:\TheMiners\extensions\proj.win32\Debug.win32\CCDecorativeDisplay.obj
D:\TheMiners\extensions\proj.win32\Debug.win32\CCDisplayFactory.obj
D:\TheMiners\extensions\proj.win32\Debug.win32\CCDisplayManager.obj
D:\TheMiners\extensions\proj.win32\Debug.win32\CCEditBox.obj
D:\TheMiners\extensions\proj.win32\Debug.win32\CCEditBoxImplWin.obj
D:\TheMiners\extensions\proj.win32\Debug.win32\CCInputDelegate.obj
D:\TheMiners\extensions\proj.win32\Debug.win32\CCInvocation.obj
D:\TheMiners\extensions\proj.win32\Debug.win32\CCLabelBMFontLoader.obj
D:\TheMiners\extensions\proj.win32\Debug.win32\CCLabelTTFLoader.obj
D:\TheMiners\extensions\proj.win32\Debug.win32\CCLayerColorLoader.obj
D:\TheMiners\extensions\proj.win32\Debug.win32\CCLayerGradientLoader.obj
D:\TheMiners\extensions\proj.win32\Debug.win32\CCLayerLoader.obj
D:\TheMiners\extensions\proj.win32\Debug.win32\CCMenuItemImageLoader.obj
D:\TheMiners\extensions\proj.win32\Debug.win32\CCMenuItemLoader.obj
D:\TheMiners\extensions\proj.win32\Debug.win32\CCNode+CCBRelativePositioning.obj
D:\TheMiners\extensions\proj.win32\Debug.win32\CCNodeLoader.obj
D:\TheMiners\extensions\proj.win32\Debug.win32\CCNodeLoaderLibrary.obj
D:\TheMiners\extensions\proj.win32\Debug.win32\CCParticleSystemQuadLoader.obj
D:\TheMiners\extensions\proj.win32\Debug.win32\CCPhysicsDebugNode.obj
D:\TheMiners\extensions\proj.win32\Debug.win32\CCPhysicsSprite.obj
D:\TheMiners\extensions\proj.win32\Debug.win32\CCPhysicsWorld.obj
D:\TheMiners\extensions\proj.win32\Debug.win32\CCProcessBase.obj
D:\TheMiners\extensions\proj.win32\Debug.win32\CCScale9Sprite.obj
D:\TheMiners\extensions\proj.win32\Debug.win32\CCScale9SpriteLoader.obj
D:\TheMiners\extensions\proj.win32\Debug.win32\CCScrollView.obj
D:\TheMiners\extensions\proj.win32\Debug.win32\CCScrollViewLoader.obj
D:\TheMiners\extensions\proj.win32\Debug.win32\CCShaderNode.obj
D:\TheMiners\extensions\proj.win32\Debug.win32\CCSkeleton.obj
D:\TheMiners\extensions\proj.win32\Debug.win32\CCSkeletonAnimation.obj
D:\TheMiners\extensions\proj.win32\Debug.win32\CCSkin.obj
D:\TheMiners\extensions\proj.win32\Debug.win32\CCSorting.obj
D:\TheMiners\extensions\proj.win32\Debug.win32\CCSpriteFrameCacheHelper.obj
D:\TheMiners\extensions\proj.win32\Debug.win32\CCSpriteLoader.obj
D:\TheMiners\extensions\proj.win32\Debug.win32\CCTableView.obj
D:\TheMiners\extensions\proj.win32\Debug.win32\CCTableViewCell.obj
D:\TheMiners\extensions\proj.win32\Debug.win32\CCTexture2DMutable.obj
D:\TheMiners\extensions\proj.win32\Debug.win32\CCTransformHelp.obj
D:\TheMiners\extensions\proj.win32\Debug.win32\CCTween.obj
D:\TheMiners\extensions\proj.win32\Debug.win32\CCTweenFunction.obj
D:\TheMiners\extensions\proj.win32\Debug.win32\CCUtilMath.obj
D:\TheMiners\extensions\proj.win32\Debug.win32\CSContentJsonDictionary.obj
D:\TheMiners\extensions\proj.win32\Debug.win32\extension.obj
D:\TheMiners\extensions\proj.win32\Debug.win32\GLES-Render.obj
D:\TheMiners\extensions\proj.win32\Debug.win32\HttpClient.obj
D:\TheMiners\extensions\proj.win32\Debug.win32\Json.obj
D:\TheMiners\extensions\proj.win32\Debug.win32\json_reader.obj
D:\TheMiners\extensions\proj.win32\Debug.win32\json_value.obj
D:\TheMiners\extensions\proj.win32\Debug.win32\json_writer.obj
D:\TheMiners\extensions\proj.win32\Debug.win32\LocalStorage.obj
D:\TheMiners\extensions\proj.win32\Debug.win32\RegionAttachment.obj
D:\TheMiners\extensions\proj.win32\Debug.win32\Skeleton.obj
D:\TheMiners\extensions\proj.win32\Debug.win32\SkeletonData.obj
D:\TheMiners\extensions\proj.win32\Debug.win32\SkeletonJson.obj
D:\TheMiners\extensions\proj.win32\Debug.win32\Skin.obj
D:\TheMiners\extensions\proj.win32\Debug.win32\Slot.obj
D:\TheMiners\extensions\proj.win32\Debug.win32\SlotData.obj
D:\TheMiners\extensions\proj.win32\Debug.win32\spine-cocos2dx.obj
D:\TheMiners\extensions\proj.win32\Debug.win32\Websocket.obj
D:\TheMiners\extensions\proj.win32\Debug.win32\Win32InputBox.obj
D:\TheMiners\extensions\proj.win32\Debug.win32\cl.command.1.tlog
D:\TheMiners\extensions\proj.win32\Debug.win32\CL.read.1.tlog
D:\TheMiners\extensions\proj.win32\Debug.win32\CL.write.1.tlog
D:\TheMiners\extensions\proj.win32\Debug.win32\Lib-link.read.1.tlog
D:\TheMiners\extensions\proj.win32\Debug.win32\Lib-link.write.1.tlog
D:\TheMiners\extensions\proj.win32\Debug.win32\lib.command.1.tlog
D:\TheMiners\extensions\proj.win32\Debug.win32\vc110.idb
D:\TheMiners\extensions\proj.win32\Debug.win32\vc120.idb
D:\TheMiners\extensions\proj.win32\Debug.win32\vc110.pdb
D:\TheMiners\extensions\proj.win32\Debug.win32\vc120.pdb
D:\TheMiners\projects\GoldMiner\proj.win32\Debug.win32\libExtensions.lib
