D:\THEMINERS\PROJECTS\GOLDMINER\PROJ.WIN32\DEBUG.WIN32\SPBATCHNODE.OBJ
D:\THEMINERS\PROJECTS\GOLDMINER\PROJ.WIN32\DEBUG.WIN32\SPBATCHNODEMANAGER.OBJ
D:\THEMINERS\PROJECTS\GOLDMINER\PROJ.WIN32\DEBUG.WIN32\SPTWEENFUNCTION.OBJ
D:\THEMINERS\PROJECTS\GOLDMINER\PROJ.WIN32\DEBUG.WIN32\SPUTILMATH.OBJ
D:\THEMINERS\PROJECTS\GOLDMINER\PROJ.WIN32\DEBUG.WIN32\TINYSTR.OBJ
D:\THEMINERS\PROJECTS\GOLDMINER\PROJ.WIN32\DEBUG.WIN32\TINYXML.OBJ
D:\THEMINERS\PROJECTS\GOLDMINER\PROJ.WIN32\DEBUG.WIN32\TINYXMLERROR.OBJ
D:\THEMINERS\PROJECTS\GOLDMINER\PROJ.WIN32\DEBUG.WIN32\TINYXMLPARSER.OBJ
D:\THEMINERS\PROJECTS\GOLDMINER\PROJ.WIN32\DEBUG.WIN32\SPOTLIGHTLAYER.OBJ
D:\THEMINERS\PROJECTS\GOLDMINER\PROJ.WIN32\DEBUG.WIN32\MAIN.OBJ
D:\THEMINERS\PROJECTS\GOLDMINER\PROJ.WIN32\DEBUG.WIN32\SPSHADERNODE.OBJ
D:\THEMINERS\PROJECTS\GOLDMINER\PROJ.WIN32\DEBUG.WIN32\SENSITIZATION.OBJ
D:\THEMINERS\PROJECTS\GOLDMINER\PROJ.WIN32\DEBUG.WIN32\SETMENU.OBJ
D:\THEMINERS\PROJECTS\GOLDMINER\PROJ.WIN32\DEBUG.WIN32\SETTINGMENU.OBJ
D:\THEMINERS\PROJECTS\GOLDMINER\PROJ.WIN32\DEBUG.WIN32\SIMLEGATEMENU.OBJ
D:\THEMINERS\PROJECTS\GOLDMINER\PROJ.WIN32\DEBUG.WIN32\MYSCROLLVIEW.OBJ
D:\THEMINERS\PROJECTS\GOLDMINER\PROJ.WIN32\DEBUG.WIN32\NETWORK.OBJ
D:\THEMINERS\PROJECTS\GOLDMINER\PROJ.WIN32\DEBUG.WIN32\PAYSERVICE.OBJ
D:\THEMINERS\PROJECTS\GOLDMINER\PROJ.WIN32\DEBUG.WIN32\PROP.OBJ
D:\THEMINERS\PROJECTS\GOLDMINER\PROJ.WIN32\DEBUG.WIN32\REGISTERLAYER.OBJ
D:\THEMINERS\PROJECTS\GOLDMINER\PROJ.WIN32\DEBUG.WIN32\ROLEINFORMATION.OBJ
D:\THEMINERS\PROJECTS\GOLDMINER\PROJ.WIN32\DEBUG.WIN32\ROPE.OBJ
D:\THEMINERS\PROJECTS\GOLDMINER\PROJ.WIN32\DEBUG.WIN32\FINGER.OBJ
D:\THEMINERS\PROJECTS\GOLDMINER\PROJ.WIN32\DEBUG.WIN32\GLOBAL.OBJ
D:\THEMINERS\PROJECTS\GOLDMINER\PROJ.WIN32\DEBUG.WIN32\HALPLAYER.OBJ
D:\THEMINERS\PROJECTS\GOLDMINER\PROJ.WIN32\DEBUG.WIN32\INGOTDROP.OBJ
D:\THEMINERS\PROJECTS\GOLDMINER\PROJ.WIN32\DEBUG.WIN32\LASTTIMECOUNTEFFECT.OBJ
D:\THEMINERS\PROJECTS\GOLDMINER\PROJ.WIN32\DEBUG.WIN32\LOADINGLAYER.OBJ
D:\THEMINERS\PROJECTS\GOLDMINER\PROJ.WIN32\DEBUG.WIN32\MUSICCONTROL.OBJ
D:\THEMINERS\PROJECTS\GOLDMINER\PROJ.WIN32\DEBUG.WIN32\MYABOUTLAYER.OBJ
D:\THEMINERS\PROJECTS\GOLDMINER\PROJ.WIN32\DEBUG.WIN32\CSSPRITEFRAMECACHEHELPER.OBJ
D:\THEMINERS\PROJECTS\GOLDMINER\PROJ.WIN32\DEBUG.WIN32\DATEMANGER.OBJ
D:\THEMINERS\PROJECTS\GOLDMINER\PROJ.WIN32\DEBUG.WIN32\DIZZYSPECIALEFFECT.OBJ
D:\THEMINERS\PROJECTS\GOLDMINER\PROJ.WIN32\DEBUG.WIN32\EXCHANGEHANGEREFFECT.OBJ
D:\THEMINERS\PROJECTS\GOLDMINER\PROJ.WIN32\DEBUG.WIN32\EXITLAYER.OBJ
D:\THEMINERS\PROJECTS\GOLDMINER\PROJ.WIN32\DEBUG.WIN32\EXPLODE.OBJ
D:\THEMINERS\PROJECTS\GOLDMINER\PROJ.WIN32\DEBUG.WIN32\JSON_WRITER.OBJ
D:\THEMINERS\PROJECTS\GOLDMINER\PROJ.WIN32\DEBUG.WIN32\SPCONTENTJSONDICTIONARY.OBJ
D:\THEMINERS\PROJECTS\GOLDMINER\PROJ.WIN32\DEBUG.WIN32\SPARMATURE.OBJ
D:\THEMINERS\PROJECTS\GOLDMINER\PROJ.WIN32\DEBUG.WIN32\SPBONE.OBJ
D:\THEMINERS\PROJECTS\GOLDMINER\PROJ.WIN32\DEBUG.WIN32\SPARMATUREDATAMANAGER.OBJ
D:\THEMINERS\PROJECTS\GOLDMINER\PROJ.WIN32\DEBUG.WIN32\SPDATAREADERHELPER.OBJ
D:\THEMINERS\PROJECTS\GOLDMINER\PROJ.WIN32\DEBUG.WIN32\SPTRANSFORMHELP.OBJ
D:\THEMINERS\PROJECTS\GOLDMINER\PROJ.WIN32\DEBUG.WIN32\TARGET.OBJ
D:\THEMINERS\PROJECTS\GOLDMINER\PROJ.WIN32\DEBUG.WIN32\TEMPORARYPROMPTLAYER.OBJ
D:\THEMINERS\PROJECTS\GOLDMINER\PROJ.WIN32\DEBUG.WIN32\TIMEAPPENDEFFECT.OBJ
D:\THEMINERS\PROJECTS\GOLDMINER\PROJ.WIN32\DEBUG.WIN32\SPJSONDATA.OBJ
D:\THEMINERS\PROJECTS\GOLDMINER\PROJ.WIN32\DEBUG.WIN32\SPMOVEMENTBONEDATA.OBJ
D:\THEMINERS\PROJECTS\GOLDMINER\PROJ.WIN32\DEBUG.WIN32\SPMOVEMENTDATA.OBJ
D:\THEMINERS\PROJECTS\GOLDMINER\PROJ.WIN32\DEBUG.WIN32\SPMOVEMENTFRAMEDATA.OBJ
D:\THEMINERS\PROJECTS\GOLDMINER\PROJ.WIN32\DEBUG.WIN32\SPNODE.OBJ
D:\THEMINERS\PROJECTS\GOLDMINER\PROJ.WIN32\DEBUG.WIN32\SPTEXTUREDATA.OBJ
D:\THEMINERS\PROJECTS\GOLDMINER\PROJ.WIN32\DEBUG.WIN32\CCTEXTURE2DMUTABLE.OBJ
D:\THEMINERS\PROJECTS\GOLDMINER\PROJ.WIN32\DEBUG.WIN32\SPARMATUREDISPLAYFACTORY.OBJ
D:\THEMINERS\PROJECTS\GOLDMINER\PROJ.WIN32\DEBUG.WIN32\SPDISPLAYFACTORY.OBJ
D:\THEMINERS\PROJECTS\GOLDMINER\PROJ.WIN32\DEBUG.WIN32\SPDISPLAYFACTORYMANAGER.OBJ
D:\THEMINERS\PROJECTS\GOLDMINER\PROJ.WIN32\DEBUG.WIN32\SPPARTICLEDISPLAYFACTORY.OBJ
D:\THEMINERS\PROJECTS\GOLDMINER\PROJ.WIN32\DEBUG.WIN32\SPSHADERDISPLAYFACTORY.OBJ
D:\THEMINERS\PROJECTS\GOLDMINER\PROJ.WIN32\DEBUG.WIN32\SPSPRITEDISPLAYFACTORY.OBJ
D:\THEMINERS\PROJECTS\GOLDMINER\PROJ.WIN32\DEBUG.WIN32\SPCONTOURPOINTS.OBJ
D:\THEMINERS\PROJECTS\GOLDMINER\PROJ.WIN32\DEBUG.WIN32\SPCONTOURSPRITE.OBJ
D:\THEMINERS\PROJECTS\GOLDMINER\PROJ.WIN32\DEBUG.WIN32\SPDECORATIVEDISPLAY.OBJ
D:\THEMINERS\PROJECTS\GOLDMINER\PROJ.WIN32\DEBUG.WIN32\SPDISPLAYMANAGER.OBJ
D:\THEMINERS\PROJECTS\GOLDMINER\PROJ.WIN32\DEBUG.WIN32\JSON_READER.OBJ
D:\THEMINERS\PROJECTS\GOLDMINER\PROJ.WIN32\DEBUG.WIN32\JSON_VALUE.OBJ
D:\THEMINERS\PROJECTS\GOLDMINER\PROJ.WIN32\DEBUG.WIN32\SHOP.OBJ
D:\THEMINERS\PROJECTS\GOLDMINER\PROJ.WIN32\DEBUG.WIN32\SKILL.OBJ
D:\THEMINERS\PROJECTS\GOLDMINER\PROJ.WIN32\DEBUG.WIN32\SLIPGUIDE.OBJ
D:\THEMINERS\PROJECTS\GOLDMINER\PROJ.WIN32\DEBUG.WIN32\SPANIMATION.OBJ
D:\THEMINERS\PROJECTS\GOLDMINER\PROJ.WIN32\DEBUG.WIN32\SPPROCESSBASE.OBJ
D:\THEMINERS\PROJECTS\GOLDMINER\PROJ.WIN32\DEBUG.WIN32\SPTWEEN.OBJ
D:\THEMINERS\PROJECTS\GOLDMINER\PROJ.WIN32\DEBUG.WIN32\SPARMATUREDISPLAYDATA.OBJ
D:\THEMINERS\PROJECTS\GOLDMINER\PROJ.WIN32\DEBUG.WIN32\SPDISPLAYDATA.OBJ
D:\THEMINERS\PROJECTS\GOLDMINER\PROJ.WIN32\DEBUG.WIN32\SPPARTICLEDISPLAYDATA.OBJ
D:\THEMINERS\PROJECTS\GOLDMINER\PROJ.WIN32\DEBUG.WIN32\SPSHADERDISPLAYDATA.OBJ
D:\THEMINERS\PROJECTS\GOLDMINER\PROJ.WIN32\DEBUG.WIN32\SPSPRITEDISPLAYDATA.OBJ
D:\THEMINERS\PROJECTS\GOLDMINER\PROJ.WIN32\DEBUG.WIN32\SPANIMATIONDATA.OBJ
D:\THEMINERS\PROJECTS\GOLDMINER\PROJ.WIN32\DEBUG.WIN32\SPARMATUREDATA.OBJ
D:\THEMINERS\PROJECTS\GOLDMINER\PROJ.WIN32\DEBUG.WIN32\SPBONEDATA.OBJ
D:\THEMINERS\PROJECTS\GOLDMINER\PROJ.WIN32\DEBUG.WIN32\SPCONTOURDATA.OBJ
D:\THEMINERS\PROJECTS\GOLDMINER\PROJ.WIN32\DEBUG.WIN32\SPFRAMEDATA.OBJ
D:\THEMINERS\PROJECTS\GOLDMINER\PROJ.WIN32\DEBUG.WIN32\PAUSEMENU.OBJ
D:\THEMINERS\PROJECTS\GOLDMINER\PROJ.WIN32\DEBUG.WIN32\PET.OBJ
D:\THEMINERS\PROJECTS\GOLDMINER\PROJ.WIN32\DEBUG.WIN32\PETPARKLAYER.OBJ
D:\THEMINERS\PROJECTS\GOLDMINER\PROJ.WIN32\DEBUG.WIN32\PLAYER.OBJ
D:\THEMINERS\PROJECTS\GOLDMINER\PROJ.WIN32\DEBUG.WIN32\POWERBUFF.OBJ
D:\THEMINERS\PROJECTS\GOLDMINER\PROJ.WIN32\DEBUG.WIN32\PROMPTLAYER.OBJ
D:\THEMINERS\PROJECTS\GOLDMINER\PROJ.WIN32\DEBUG.WIN32\ROLE.OBJ
D:\THEMINERS\PROJECTS\GOLDMINER\PROJ.WIN32\DEBUG.WIN32\ROLESKILLEFFECT.OBJ
D:\THEMINERS\PROJECTS\GOLDMINER\PROJ.WIN32\DEBUG.WIN32\SCOREAPPENDEFFECT.OBJ
D:\THEMINERS\PROJECTS\GOLDMINER\PROJ.WIN32\DEBUG.WIN32\SELECTCHALLENGE.OBJ
D:\THEMINERS\PROJECTS\GOLDMINER\PROJ.WIN32\DEBUG.WIN32\SELECTPET.OBJ
D:\THEMINERS\PROJECTS\GOLDMINER\PROJ.WIN32\DEBUG.WIN32\SELECTROLEANDPET.OBJ
D:\THEMINERS\PROJECTS\GOLDMINER\PROJ.WIN32\DEBUG.WIN32\SELECTROLEANDPROPMENU.OBJ
D:\THEMINERS\PROJECTS\GOLDMINER\PROJ.WIN32\DEBUG.WIN32\EXPLOSIVE.OBJ
D:\THEMINERS\PROJECTS\GOLDMINER\PROJ.WIN32\DEBUG.WIN32\GAMEAPPEND.OBJ
D:\THEMINERS\PROJECTS\GOLDMINER\PROJ.WIN32\DEBUG.WIN32\GAMECONTROL.OBJ
D:\THEMINERS\PROJECTS\GOLDMINER\PROJ.WIN32\DEBUG.WIN32\GAMEOVERMENU.OBJ
D:\THEMINERS\PROJECTS\GOLDMINER\PROJ.WIN32\DEBUG.WIN32\GATE.OBJ
D:\THEMINERS\PROJECTS\GOLDMINER\PROJ.WIN32\DEBUG.WIN32\GMJSON.OBJ
D:\THEMINERS\PROJECTS\GOLDMINER\PROJ.WIN32\DEBUG.WIN32\GOLDENMINERSCENE.OBJ
D:\THEMINERS\PROJECTS\GOLDMINER\PROJ.WIN32\DEBUG.WIN32\HANGER.OBJ
D:\THEMINERS\PROJECTS\GOLDMINER\PROJ.WIN32\DEBUG.WIN32\JEWELAPPENDEFFECT.OBJ
D:\THEMINERS\PROJECTS\GOLDMINER\PROJ.WIN32\DEBUG.WIN32\JEWELSKILLSPRITE.OBJ
D:\THEMINERS\PROJECTS\GOLDMINER\PROJ.WIN32\DEBUG.WIN32\MAINAPPENDLAYER.OBJ
D:\THEMINERS\PROJECTS\GOLDMINER\PROJ.WIN32\DEBUG.WIN32\MAINLAYER.OBJ
D:\THEMINERS\PROJECTS\GOLDMINER\PROJ.WIN32\DEBUG.WIN32\CSCOLLIDERDETECTOR.OBJ
D:\THEMINERS\PROJECTS\GOLDMINER\PROJ.WIN32\DEBUG.WIN32\CSPHYSICSWORLD.OBJ
D:\THEMINERS\PROJECTS\GOLDMINER\PROJ.WIN32\DEBUG.WIN32\CSARMATUREDATAMANAGER.OBJ
D:\THEMINERS\PROJECTS\GOLDMINER\PROJ.WIN32\DEBUG.WIN32\CSDATAREADERHELPER.OBJ
D:\THEMINERS\PROJECTS\GOLDMINER\PROJ.WIN32\DEBUG.WIN32\CSTRANSFORMHELP.OBJ
D:\THEMINERS\PROJECTS\GOLDMINER\PROJ.WIN32\DEBUG.WIN32\CSTWEENFUNCTION.OBJ
D:\THEMINERS\PROJECTS\GOLDMINER\PROJ.WIN32\DEBUG.WIN32\CSUTILMATH.OBJ
D:\THEMINERS\PROJECTS\GOLDMINER\PROJ.WIN32\DEBUG.WIN32\DRAWLAYER.OBJ
D:\THEMINERS\PROJECTS\GOLDMINER\PROJ.WIN32\DEBUG.WIN32\DYNAMICTARGET.OBJ
D:\THEMINERS\PROJECTS\GOLDMINER\PROJ.WIN32\DEBUG.WIN32\CHALLENGEOVER.OBJ
D:\THEMINERS\PROJECTS\GOLDMINER\PROJ.WIN32\DEBUG.WIN32\COSTLAYER.OBJ
D:\THEMINERS\PROJECTS\GOLDMINER\PROJ.WIN32\DEBUG.WIN32\COUNTDOWNEFFECT.OBJ
D:\THEMINERS\PROJECTS\GOLDMINER\PROJ.WIN32\DEBUG.WIN32\CSANIMATION.OBJ
D:\THEMINERS\PROJECTS\GOLDMINER\PROJ.WIN32\DEBUG.WIN32\CSPROCESSBASE.OBJ
D:\THEMINERS\PROJECTS\GOLDMINER\PROJ.WIN32\DEBUG.WIN32\CSTWEEN.OBJ
D:\THEMINERS\PROJECTS\GOLDMINER\PROJ.WIN32\DEBUG.WIN32\CSARMATURE.OBJ
D:\THEMINERS\PROJECTS\GOLDMINER\PROJ.WIN32\DEBUG.WIN32\CSBONE.OBJ
D:\THEMINERS\PROJECTS\GOLDMINER\PROJ.WIN32\DEBUG.WIN32\CSDATAS.OBJ
D:\THEMINERS\PROJECTS\GOLDMINER\PROJ.WIN32\DEBUG.WIN32\CSBATCHNODE.OBJ
D:\THEMINERS\PROJECTS\GOLDMINER\PROJ.WIN32\DEBUG.WIN32\CSDECORATIVEDISPLAY.OBJ
D:\THEMINERS\PROJECTS\GOLDMINER\PROJ.WIN32\DEBUG.WIN32\CSDISPLAYFACTORY.OBJ
D:\THEMINERS\PROJECTS\GOLDMINER\PROJ.WIN32\DEBUG.WIN32\CSDISPLAYMANAGER.OBJ
D:\THEMINERS\PROJECTS\GOLDMINER\PROJ.WIN32\DEBUG.WIN32\CSSHADERNODE.OBJ
D:\THEMINERS\PROJECTS\GOLDMINER\PROJ.WIN32\DEBUG.WIN32\CSSKIN.OBJ
D:\THEMINERS\PROJECTS\GOLDMINER\PROJ.WIN32\DEBUG.WIN32\GLES-RENDER.OBJ
D:\THEMINERS\PROJECTS\GOLDMINER\PROJ.WIN32\DEBUG.WIN32\CSCONTENTJSONDICTIONARY.OBJ
D:\THEMINERS\PROJECTS\GOLDMINER\PROJ.WIN32\DEBUG.WIN32\ALIGNMENT.OBJ
D:\THEMINERS\PROJECTS\GOLDMINER\PROJ.WIN32\DEBUG.WIN32\APPDELEGATE.OBJ
D:\THEMINERS\PROJECTS\GOLDMINER\PROJ.WIN32\DEBUG.WIN32\BIGGATEMENU.OBJ
D:\THEMINERS\PROJECTS\GOLDMINER\PROJ.WIN32\DEBUG.WIN32\BUDDAHA.OBJ
D:\THEMINERS\PROJECTS\GOLDMINER\PROJ.WIN32\DEBUG.WIN32\CARRIER.OBJ
D:\THEMINERS\PROJECTS\GOLDMINER\PROJ.WIN32\DEBUG.WIN32\CARTOONLAYER.OBJ
D:\THEMINERS\PROJECTS\GOLDMINER\PROJ.WIN32\DEBUG.WIN32\CHALLENGECOUNT.OBJ
D:\THEMINERS\PROJECTS\GOLDMINER\PROJ.WIN32\DEBUG.WIN32\VC110.PDB
D:\THEMINERS\PROJECTS\GOLDMINER\PROJ.WIN32\DEBUG.WIN32\GOLDMINER.ILK
D:\THEMINERS\PROJECTS\GOLDMINER\PROJ.WIN32\DEBUG.WIN32\GOLDMINER.EXE
D:\THEMINERS\PROJECTS\GOLDMINER\PROJ.WIN32\DEBUG.WIN32\GOLDMINER.PDB
D:\TheMiners\projects\GoldMiner\proj.win32\Debug.win32\Alignment.obj
D:\TheMiners\projects\GoldMiner\proj.win32\Debug.win32\AppDelegate.obj
D:\TheMiners\projects\GoldMiner\proj.win32\Debug.win32\Array.obj
D:\TheMiners\projects\GoldMiner\proj.win32\Debug.win32\basenode.obj
D:\TheMiners\projects\GoldMiner\proj.win32\Debug.win32\BigGateMenu.obj
D:\TheMiners\projects\GoldMiner\proj.win32\Debug.win32\Buddaha.obj
D:\TheMiners\projects\GoldMiner\proj.win32\Debug.win32\Carrier.obj
D:\TheMiners\projects\GoldMiner\proj.win32\Debug.win32\CartoonLayer.obj
D:\TheMiners\projects\GoldMiner\proj.win32\Debug.win32\CCTexture2DMutable.obj
D:\TheMiners\projects\GoldMiner\proj.win32\Debug.win32\ChallengeCount.obj
D:\TheMiners\projects\GoldMiner\proj.win32\Debug.win32\ChallengeOver.obj
D:\TheMiners\projects\GoldMiner\proj.win32\Debug.win32\Convert.obj
D:\TheMiners\projects\GoldMiner\proj.win32\Debug.win32\CostLayer.obj
D:\TheMiners\projects\GoldMiner\proj.win32\Debug.win32\CountDownEffect.obj
D:\TheMiners\projects\GoldMiner\proj.win32\Debug.win32\CSAnimation.obj
D:\TheMiners\projects\GoldMiner\proj.win32\Debug.win32\CSArmature.obj
D:\TheMiners\projects\GoldMiner\proj.win32\Debug.win32\CSArmatureDataManager.obj
D:\TheMiners\projects\GoldMiner\proj.win32\Debug.win32\CSBatchNode.obj
D:\TheMiners\projects\GoldMiner\proj.win32\Debug.win32\CSBone.obj
D:\TheMiners\projects\GoldMiner\proj.win32\Debug.win32\CSColliderDetector.obj
D:\TheMiners\projects\GoldMiner\proj.win32\Debug.win32\CSContentJsonDictionary.obj
D:\TheMiners\projects\GoldMiner\proj.win32\Debug.win32\CSDataReaderHelper.obj
D:\TheMiners\projects\GoldMiner\proj.win32\Debug.win32\CSDatas.obj
D:\TheMiners\projects\GoldMiner\proj.win32\Debug.win32\CSDecorativeDisplay.obj
D:\TheMiners\projects\GoldMiner\proj.win32\Debug.win32\CSDisplayFactory.obj
D:\TheMiners\projects\GoldMiner\proj.win32\Debug.win32\CSDisplayManager.obj
D:\TheMiners\projects\GoldMiner\proj.win32\Debug.win32\CSPhysicsWorld.obj
D:\TheMiners\projects\GoldMiner\proj.win32\Debug.win32\CSProcessBase.obj
D:\TheMiners\projects\GoldMiner\proj.win32\Debug.win32\CSShaderNode.obj
D:\TheMiners\projects\GoldMiner\proj.win32\Debug.win32\CSSkin.obj
D:\TheMiners\projects\GoldMiner\proj.win32\Debug.win32\CSSpriteFrameCacheHelper.obj
D:\TheMiners\projects\GoldMiner\proj.win32\Debug.win32\CSTransformHelp.obj
D:\TheMiners\projects\GoldMiner\proj.win32\Debug.win32\CSTween.obj
D:\TheMiners\projects\GoldMiner\proj.win32\Debug.win32\CSTweenFunction.obj
D:\TheMiners\projects\GoldMiner\proj.win32\Debug.win32\CSUtilMath.obj
D:\TheMiners\projects\GoldMiner\proj.win32\Debug.win32\DateManger.obj
D:\TheMiners\projects\GoldMiner\proj.win32\Debug.win32\DizzySpecialEffect.obj
D:\TheMiners\projects\GoldMiner\proj.win32\Debug.win32\DrawLayer.obj
D:\TheMiners\projects\GoldMiner\proj.win32\Debug.win32\DynamicTarget.obj
D:\TheMiners\projects\GoldMiner\proj.win32\Debug.win32\Escaper.obj
D:\TheMiners\projects\GoldMiner\proj.win32\Debug.win32\ExchangeHangerEffect.obj
D:\TheMiners\projects\GoldMiner\proj.win32\Debug.win32\ExitLayer.obj
D:\TheMiners\projects\GoldMiner\proj.win32\Debug.win32\Explode.obj
D:\TheMiners\projects\GoldMiner\proj.win32\Debug.win32\Explosive.obj
D:\TheMiners\projects\GoldMiner\proj.win32\Debug.win32\Finger.obj
D:\TheMiners\projects\GoldMiner\proj.win32\Debug.win32\GameAppend.obj
D:\TheMiners\projects\GoldMiner\proj.win32\Debug.win32\GameControl.obj
D:\TheMiners\projects\GoldMiner\proj.win32\Debug.win32\GameOverMenu.obj
D:\TheMiners\projects\GoldMiner\proj.win32\Debug.win32\Gate.obj
D:\TheMiners\projects\GoldMiner\proj.win32\Debug.win32\GLES-Render.obj
D:\TheMiners\projects\GoldMiner\proj.win32\Debug.win32\Global.obj
D:\TheMiners\projects\GoldMiner\proj.win32\Debug.win32\GMJson.obj
D:\TheMiners\projects\GoldMiner\proj.win32\Debug.win32\GoldenMinerScene.obj
D:\TheMiners\projects\GoldMiner\proj.win32\Debug.win32\HalpLayer.obj
D:\TheMiners\projects\GoldMiner\proj.win32\Debug.win32\Hanger.obj
D:\TheMiners\projects\GoldMiner\proj.win32\Debug.win32\IconvString.obj
D:\TheMiners\projects\GoldMiner\proj.win32\Debug.win32\IndentCanceller.obj
D:\TheMiners\projects\GoldMiner\proj.win32\Debug.win32\Indenter.obj
D:\TheMiners\projects\GoldMiner\proj.win32\Debug.win32\IngotDrop.obj
D:\TheMiners\projects\GoldMiner\proj.win32\Debug.win32\JewelAppendEffect.obj
D:\TheMiners\projects\GoldMiner\proj.win32\Debug.win32\JewelSkillSprite.obj
D:\TheMiners\projects\GoldMiner\proj.win32\Debug.win32\json_reader.obj
D:\TheMiners\projects\GoldMiner\proj.win32\Debug.win32\json_value.obj
D:\TheMiners\projects\GoldMiner\proj.win32\Debug.win32\json_writer.obj
D:\TheMiners\projects\GoldMiner\proj.win32\Debug.win32\LastTimeCountEffect.obj
D:\TheMiners\projects\GoldMiner\proj.win32\Debug.win32\LoadingLayer.obj
D:\TheMiners\projects\GoldMiner\proj.win32\Debug.win32\main.obj
D:\TheMiners\projects\GoldMiner\proj.win32\Debug.win32\MainAppendLayer.obj
D:\TheMiners\projects\GoldMiner\proj.win32\Debug.win32\MainLayer.obj
D:\TheMiners\projects\GoldMiner\proj.win32\Debug.win32\MusicControl.obj
D:\TheMiners\projects\GoldMiner\proj.win32\Debug.win32\MyAboutLayer.obj
D:\TheMiners\projects\GoldMiner\proj.win32\Debug.win32\MyScrollView.obj
D:\TheMiners\projects\GoldMiner\proj.win32\Debug.win32\NetWork.obj
D:\TheMiners\projects\GoldMiner\proj.win32\Debug.win32\Object.obj
D:\TheMiners\projects\GoldMiner\proj.win32\Debug.win32\PauseMenu.obj
D:\TheMiners\projects\GoldMiner\proj.win32\Debug.win32\PayService.obj
D:\TheMiners\projects\GoldMiner\proj.win32\Debug.win32\Pet.obj
D:\TheMiners\projects\GoldMiner\proj.win32\Debug.win32\PetParkLayer.obj
D:\TheMiners\projects\GoldMiner\proj.win32\Debug.win32\Player.obj
D:\TheMiners\projects\GoldMiner\proj.win32\Debug.win32\PowerBuff.obj
D:\TheMiners\projects\GoldMiner\proj.win32\Debug.win32\PromptLayer.obj
D:\TheMiners\projects\GoldMiner\proj.win32\Debug.win32\Prop.obj
D:\TheMiners\projects\GoldMiner\proj.win32\Debug.win32\RegisterLayer.obj
D:\TheMiners\projects\GoldMiner\proj.win32\Debug.win32\Role.obj
D:\TheMiners\projects\GoldMiner\proj.win32\Debug.win32\RoleInformation.obj
D:\TheMiners\projects\GoldMiner\proj.win32\Debug.win32\RoleSkillEffect.obj
D:\TheMiners\projects\GoldMiner\proj.win32\Debug.win32\Rope.obj
D:\TheMiners\projects\GoldMiner\proj.win32\Debug.win32\ScoreAppendEffect.obj
D:\TheMiners\projects\GoldMiner\proj.win32\Debug.win32\SelectChallenge.obj
D:\TheMiners\projects\GoldMiner\proj.win32\Debug.win32\SelectPet.obj
D:\TheMiners\projects\GoldMiner\proj.win32\Debug.win32\SelectRoleAndPet.obj
D:\TheMiners\projects\GoldMiner\proj.win32\Debug.win32\SelectRoleAndPropMenu.obj
D:\TheMiners\projects\GoldMiner\proj.win32\Debug.win32\Sensitization.obj
D:\TheMiners\projects\GoldMiner\proj.win32\Debug.win32\SetMenu.obj
D:\TheMiners\projects\GoldMiner\proj.win32\Debug.win32\SettingMenu.obj
D:\TheMiners\projects\GoldMiner\proj.win32\Debug.win32\Shop.obj
D:\TheMiners\projects\GoldMiner\proj.win32\Debug.win32\SimleGateMenu.obj
D:\TheMiners\projects\GoldMiner\proj.win32\Debug.win32\Skill.obj
D:\TheMiners\projects\GoldMiner\proj.win32\Debug.win32\SlipGuide.obj
D:\TheMiners\projects\GoldMiner\proj.win32\Debug.win32\SolidusEscaper.obj
D:\TheMiners\projects\GoldMiner\proj.win32\Debug.win32\SPAnimation.obj
D:\TheMiners\projects\GoldMiner\proj.win32\Debug.win32\SPAnimationData.obj
D:\TheMiners\projects\GoldMiner\proj.win32\Debug.win32\SPArmature.obj
D:\TheMiners\projects\GoldMiner\proj.win32\Debug.win32\SPArmatureData.obj
D:\TheMiners\projects\GoldMiner\proj.win32\Debug.win32\SPArmatureDataManager.obj
D:\TheMiners\projects\GoldMiner\proj.win32\Debug.win32\SPArmatureDisplayData.obj
D:\TheMiners\projects\GoldMiner\proj.win32\Debug.win32\SPArmatureDisplayFactory.obj
D:\TheMiners\projects\GoldMiner\proj.win32\Debug.win32\SPBatchNode.obj
D:\TheMiners\projects\GoldMiner\proj.win32\Debug.win32\SPBatchNodeManager.obj
D:\TheMiners\projects\GoldMiner\proj.win32\Debug.win32\SPBone.obj
D:\TheMiners\projects\GoldMiner\proj.win32\Debug.win32\SPBoneData.obj
D:\TheMiners\projects\GoldMiner\proj.win32\Debug.win32\SPContentJsonDictionary.obj
D:\TheMiners\projects\GoldMiner\proj.win32\Debug.win32\SPContourData.obj
D:\TheMiners\projects\GoldMiner\proj.win32\Debug.win32\SPContourPoints.obj
D:\TheMiners\projects\GoldMiner\proj.win32\Debug.win32\SPContourSprite.obj
D:\TheMiners\projects\GoldMiner\proj.win32\Debug.win32\SPDataReaderHelper.obj
D:\TheMiners\projects\GoldMiner\proj.win32\Debug.win32\SPDecorativeDisplay.obj
D:\TheMiners\projects\GoldMiner\proj.win32\Debug.win32\SPDisplayData.obj
D:\TheMiners\projects\GoldMiner\proj.win32\Debug.win32\SPDisplayFactory.obj
D:\TheMiners\projects\GoldMiner\proj.win32\Debug.win32\SPDisplayFactoryManager.obj
D:\TheMiners\projects\GoldMiner\proj.win32\Debug.win32\SPDisplayManager.obj
D:\TheMiners\projects\GoldMiner\proj.win32\Debug.win32\SPFrameData.obj
D:\TheMiners\projects\GoldMiner\proj.win32\Debug.win32\SPJsonData.obj
D:\TheMiners\projects\GoldMiner\proj.win32\Debug.win32\SPMovementBoneData.obj
D:\TheMiners\projects\GoldMiner\proj.win32\Debug.win32\SPMovementData.obj
D:\TheMiners\projects\GoldMiner\proj.win32\Debug.win32\SPMovementFrameData.obj
D:\TheMiners\projects\GoldMiner\proj.win32\Debug.win32\SPNode.obj
D:\TheMiners\projects\GoldMiner\proj.win32\Debug.win32\SpotLightLayer.obj
D:\TheMiners\projects\GoldMiner\proj.win32\Debug.win32\SPParticleDisplayData.obj
D:\TheMiners\projects\GoldMiner\proj.win32\Debug.win32\SPParticleDisplayFactory.obj
D:\TheMiners\projects\GoldMiner\proj.win32\Debug.win32\SPProcessBase.obj
D:\TheMiners\projects\GoldMiner\proj.win32\Debug.win32\SPShaderDisplayData.obj
D:\TheMiners\projects\GoldMiner\proj.win32\Debug.win32\SPShaderDisplayFactory.obj
D:\TheMiners\projects\GoldMiner\proj.win32\Debug.win32\SPShaderNode.obj
D:\TheMiners\projects\GoldMiner\proj.win32\Debug.win32\SPSpriteDisplayData.obj
D:\TheMiners\projects\GoldMiner\proj.win32\Debug.win32\SPSpriteDisplayFactory.obj
D:\TheMiners\projects\GoldMiner\proj.win32\Debug.win32\SPTextureData.obj
D:\TheMiners\projects\GoldMiner\proj.win32\Debug.win32\SPTransformHelp.obj
D:\TheMiners\projects\GoldMiner\proj.win32\Debug.win32\SPTween.obj
D:\TheMiners\projects\GoldMiner\proj.win32\Debug.win32\SPTweenFunction.obj
D:\TheMiners\projects\GoldMiner\proj.win32\Debug.win32\SPUtilMath.obj
D:\TheMiners\projects\GoldMiner\proj.win32\Debug.win32\Target.obj
D:\TheMiners\projects\GoldMiner\proj.win32\Debug.win32\TemporaryPromptLayer.obj
D:\TheMiners\projects\GoldMiner\proj.win32\Debug.win32\TimeAppendEffect.obj
D:\TheMiners\projects\GoldMiner\proj.win32\Debug.win32\tinystr.obj
D:\TheMiners\projects\GoldMiner\proj.win32\Debug.win32\tinyxml.obj
D:\TheMiners\projects\GoldMiner\proj.win32\Debug.win32\tinyxmlerror.obj
D:\TheMiners\projects\GoldMiner\proj.win32\Debug.win32\tinyxmlparser.obj
D:\TheMiners\projects\GoldMiner\proj.win32\Debug.win32\Value.obj
D:\TheMiners\projects\GoldMiner\proj.win32\Debug.win32\GoldMiner.ilk
D:\TheMiners\projects\GoldMiner\proj.win32\Debug.win32\MyProject.ilk
D:\TheMiners\projects\GoldMiner\proj.win32\Debug.win32\cl.command.1.tlog
D:\TheMiners\projects\GoldMiner\proj.win32\Debug.win32\CL.read.1.tlog
D:\TheMiners\projects\GoldMiner\proj.win32\Debug.win32\CL.write.1.tlog
D:\TheMiners\projects\GoldMiner\proj.win32\Debug.win32\link-cvtres.read.1.tlog
D:\TheMiners\projects\GoldMiner\proj.win32\Debug.win32\link-cvtres.write.1.tlog
D:\TheMiners\projects\GoldMiner\proj.win32\Debug.win32\link-rc.read.1.tlog
D:\TheMiners\projects\GoldMiner\proj.win32\Debug.win32\link-rc.write.1.tlog
D:\TheMiners\projects\GoldMiner\proj.win32\Debug.win32\link.5152-cvtres.read.1.tlog
D:\TheMiners\projects\GoldMiner\proj.win32\Debug.win32\link.5152-cvtres.write.1.tlog
D:\TheMiners\projects\GoldMiner\proj.win32\Debug.win32\link.5152-rc.read.1.tlog
D:\TheMiners\projects\GoldMiner\proj.win32\Debug.win32\link.5152-rc.write.1.tlog
D:\TheMiners\projects\GoldMiner\proj.win32\Debug.win32\link.5152.read.1.tlog
D:\TheMiners\projects\GoldMiner\proj.win32\Debug.win32\link.5152.write.1.tlog
D:\TheMiners\projects\GoldMiner\proj.win32\Debug.win32\link.command.1.tlog
D:\TheMiners\projects\GoldMiner\proj.win32\Debug.win32\link.read.1.tlog
D:\TheMiners\projects\GoldMiner\proj.win32\Debug.win32\link.write.1.tlog
D:\TheMiners\projects\GoldMiner\proj.win32\Debug.win32\libcocos2d.exp
D:\TheMiners\projects\GoldMiner\proj.win32\Debug.win32\libCocosDenshion.exp
D:\TheMiners\projects\GoldMiner\proj.win32\Debug.win32\vc110.idb
D:\TheMiners\projects\GoldMiner\proj.win32\Debug.win32\vc120.idb
D:\TheMiners\projects\GoldMiner\proj.win32\Debug.win32\GoldMiner.pdb
D:\TheMiners\projects\GoldMiner\proj.win32\Debug.win32\libcocos2d.pdb
D:\TheMiners\projects\GoldMiner\proj.win32\Debug.win32\libCocosDenshion.pdb
D:\TheMiners\projects\GoldMiner\proj.win32\Debug.win32\MyProject.pdb
D:\TheMiners\projects\GoldMiner\proj.win32\Debug.win32\vc110.pdb
D:\TheMiners\projects\GoldMiner\proj.win32\Debug.win32\vc120.pdb
D:\TheMiners\projects\GoldMiner\proj.win32\Debug.win32\UserDefault.xml
D:\TheMiners\projects\GoldMiner\proj.win32\Debug.win32\GoldMiner.exe
