D:\COCOS2D\COCOS2D-X-2.1.5\PROJECTS\MYPROJECT\PROJ.WIN32\DEBUG.WIN32\BASENODE.OBJ
D:\COCOS2D\COCOS2D-X-2.1.5\PROJECTS\MYPROJECT\PROJ.WIN32\DEBUG.WIN32\CUSTOMBUTTON.OBJ
D:\COCOS2D\COCOS2D-X-2.1.5\PROJECTS\MYPROJECT\PROJ.WIN32\DEBUG.WIN32\ICONVSTRING.OBJ
D:\COCOS2D\COCOS2D-X-2.1.5\PROJECTS\MYPROJECT\PROJ.WIN32\DEBUG.WIN32\ARRAY.OBJ
D:\COCOS2D\COCOS2D-X-2.1.5\PROJECTS\MYPROJECT\PROJ.WIN32\DEBUG.WIN32\CONVERT.OBJ
D:\COCOS2D\COCOS2D-X-2.1.5\PROJECTS\MYPROJECT\PROJ.WIN32\DEBUG.WIN32\ESCAPER.OBJ
D:\COCOS2D\COCOS2D-X-2.1.5\PROJECTS\MYPROJECT\PROJ.WIN32\DEBUG.WIN32\INDENTCANCELLER.OBJ
D:\COCOS2D\COCOS2D-X-2.1.5\PROJECTS\MYPROJECT\PROJ.WIN32\DEBUG.WIN32\INDENTER.OBJ
D:\COCOS2D\COCOS2D-X-2.1.5\PROJECTS\MYPROJECT\PROJ.WIN32\DEBUG.WIN32\OBJECT.OBJ
D:\COCOS2D\COCOS2D-X-2.1.5\PROJECTS\MYPROJECT\PROJ.WIN32\DEBUG.WIN32\SOLIDUSESCAPER.OBJ
D:\COCOS2D\COCOS2D-X-2.1.5\PROJECTS\MYPROJECT\PROJ.WIN32\DEBUG.WIN32\VALUE.OBJ
D:\COCOS2D\COCOS2D-X-2.1.5\PROJECTS\MYPROJECT\PROJ.WIN32\DEBUG.WIN32\JSONQUESTIONMANAGER.OBJ
D:\COCOS2D\COCOS2D-X-2.1.5\PROJECTS\MYPROJECT\PROJ.WIN32\DEBUG.WIN32\JSONUSERMANAGER.OBJ
D:\COCOS2D\COCOS2D-X-2.1.5\PROJECTS\MYPROJECT\PROJ.WIN32\DEBUG.WIN32\MAINSCENE.OBJ
D:\COCOS2D\COCOS2D-X-2.1.5\PROJECTS\MYPROJECT\PROJ.WIN32\DEBUG.WIN32\SCROLLITEM.OBJ
D:\COCOS2D\COCOS2D-X-2.1.5\PROJECTS\MYPROJECT\PROJ.WIN32\DEBUG.WIN32\MAIN.OBJ
D:\COCOS2D\COCOS2D-X-2.1.5\PROJECTS\MYPROJECT\PROJ.WIN32\DEBUG.WIN32\APPDELEGATE.OBJ
D:\COCOS2D\COCOS2D-X-2.1.5\PROJECTS\MYPROJECT\PROJ.WIN32\DEBUG.WIN32\VC110.PDB
D:\COCOS2D\COCOS2D-X-2.1.5\PROJECTS\MYPROJECT\PROJ.WIN32\DEBUG.WIN32\ANSWERS.OBJ
D:\COCOS2D\COCOS2D-X-2.1.5\PROJECTS\MYPROJECT\PROJ.WIN32\DEBUG.WIN32\CCLABELBUTTON.OBJ
D:\COCOS2D\COCOS2D-X-2.1.5\PROJECTS\MYPROJECT\PROJ.WIN32\DEBUG.WIN32\CONTROL.OBJ
D:\COCOS2D\COCOS2D-X-2.1.5\PROJECTS\MYPROJECT\PROJ.WIN32\DEBUG.WIN32\LITTLELEVEL.OBJ
D:\COCOS2D\COCOS2D-X-2.1.5\PROJECTS\MYPROJECT\PROJ.WIN32\DEBUG.WIN32\LITTLESCROLLITEM.OBJ
D:\COCOS2D\COCOS2D-X-2.1.5\PROJECTS\MYPROJECT\PROJ.WIN32\DEBUG.WIN32\JSONMANAGER.OBJ
D:\COCOS2D\COCOS2D-X-2.1.5\PROJECTS\MYPROJECT\PROJ.WIN32\DEBUG.WIN32\GLOBAL.OBJ
D:\COCOS2D\COCOS2D-X-2.1.5\PROJECTS\MYPROJECT\PROJ.WIN32\DEBUG.WIN32\MYPROJECT.ILK
D:\COCOS2D\COCOS2D-X-2.1.5\PROJECTS\MYPROJECT\PROJ.WIN32\DEBUG.WIN32\MYPROJECT.EXE
D:\COCOS2D\COCOS2D-X-2.1.5\PROJECTS\MYPROJECT\PROJ.WIN32\DEBUG.WIN32\MYPROJECT.PDB
D:\cocos2d\cocos2d-x-2.1.5\projects\MyProject\proj.win32\Debug.win32\Answers.obj
D:\cocos2d\cocos2d-x-2.1.5\projects\MyProject\proj.win32\Debug.win32\AppDelegate.obj
D:\cocos2d\cocos2d-x-2.1.5\projects\MyProject\proj.win32\Debug.win32\Array.obj
D:\cocos2d\cocos2d-x-2.1.5\projects\MyProject\proj.win32\Debug.win32\basenode.obj
D:\cocos2d\cocos2d-x-2.1.5\projects\MyProject\proj.win32\Debug.win32\CCLabelButton.obj
D:\cocos2d\cocos2d-x-2.1.5\projects\MyProject\proj.win32\Debug.win32\Control.obj
D:\cocos2d\cocos2d-x-2.1.5\projects\MyProject\proj.win32\Debug.win32\Convert.obj
D:\cocos2d\cocos2d-x-2.1.5\projects\MyProject\proj.win32\Debug.win32\CustomButton.obj
D:\cocos2d\cocos2d-x-2.1.5\projects\MyProject\proj.win32\Debug.win32\Escaper.obj
D:\cocos2d\cocos2d-x-2.1.5\projects\MyProject\proj.win32\Debug.win32\Global.obj
D:\cocos2d\cocos2d-x-2.1.5\projects\MyProject\proj.win32\Debug.win32\IconvString.obj
D:\cocos2d\cocos2d-x-2.1.5\projects\MyProject\proj.win32\Debug.win32\IndentCanceller.obj
D:\cocos2d\cocos2d-x-2.1.5\projects\MyProject\proj.win32\Debug.win32\Indenter.obj
D:\cocos2d\cocos2d-x-2.1.5\projects\MyProject\proj.win32\Debug.win32\JsonManager.obj
D:\cocos2d\cocos2d-x-2.1.5\projects\MyProject\proj.win32\Debug.win32\JsonQuestionManager.obj
D:\cocos2d\cocos2d-x-2.1.5\projects\MyProject\proj.win32\Debug.win32\JsonUserManager.obj
D:\cocos2d\cocos2d-x-2.1.5\projects\MyProject\proj.win32\Debug.win32\LittleLevel.obj
D:\cocos2d\cocos2d-x-2.1.5\projects\MyProject\proj.win32\Debug.win32\LittleScrollItem.obj
D:\cocos2d\cocos2d-x-2.1.5\projects\MyProject\proj.win32\Debug.win32\main.obj
D:\cocos2d\cocos2d-x-2.1.5\projects\MyProject\proj.win32\Debug.win32\MainScene.obj
D:\cocos2d\cocos2d-x-2.1.5\projects\MyProject\proj.win32\Debug.win32\Object.obj
D:\cocos2d\cocos2d-x-2.1.5\projects\MyProject\proj.win32\Debug.win32\ScrollItem.obj
D:\cocos2d\cocos2d-x-2.1.5\projects\MyProject\proj.win32\Debug.win32\SolidusEscaper.obj
D:\cocos2d\cocos2d-x-2.1.5\projects\MyProject\proj.win32\Debug.win32\Value.obj
D:\cocos2d\cocos2d-x-2.1.5\projects\MyProject\proj.win32\Debug.win32\MyProject.ilk
D:\cocos2d\cocos2d-x-2.1.5\projects\MyProject\proj.win32\Debug.win32\cl.command.1.tlog
D:\cocos2d\cocos2d-x-2.1.5\projects\MyProject\proj.win32\Debug.win32\CL.read.1.tlog
D:\cocos2d\cocos2d-x-2.1.5\projects\MyProject\proj.win32\Debug.win32\CL.write.1.tlog
D:\cocos2d\cocos2d-x-2.1.5\projects\MyProject\proj.win32\Debug.win32\link-cvtres.read.1.tlog
D:\cocos2d\cocos2d-x-2.1.5\projects\MyProject\proj.win32\Debug.win32\link-cvtres.write.1.tlog
D:\cocos2d\cocos2d-x-2.1.5\projects\MyProject\proj.win32\Debug.win32\link-rc.read.1.tlog
D:\cocos2d\cocos2d-x-2.1.5\projects\MyProject\proj.win32\Debug.win32\link-rc.write.1.tlog
D:\cocos2d\cocos2d-x-2.1.5\projects\MyProject\proj.win32\Debug.win32\link.1048-cvtres.read.1.tlog
D:\cocos2d\cocos2d-x-2.1.5\projects\MyProject\proj.win32\Debug.win32\link.1048-cvtres.write.1.tlog
D:\cocos2d\cocos2d-x-2.1.5\projects\MyProject\proj.win32\Debug.win32\link.1048-rc.read.1.tlog
D:\cocos2d\cocos2d-x-2.1.5\projects\MyProject\proj.win32\Debug.win32\link.1048-rc.write.1.tlog
D:\cocos2d\cocos2d-x-2.1.5\projects\MyProject\proj.win32\Debug.win32\link.1048.read.1.tlog
D:\cocos2d\cocos2d-x-2.1.5\projects\MyProject\proj.win32\Debug.win32\link.1048.write.1.tlog
D:\cocos2d\cocos2d-x-2.1.5\projects\MyProject\proj.win32\Debug.win32\link.1080-cvtres.read.1.tlog
D:\cocos2d\cocos2d-x-2.1.5\projects\MyProject\proj.win32\Debug.win32\link.1080-cvtres.write.1.tlog
D:\cocos2d\cocos2d-x-2.1.5\projects\MyProject\proj.win32\Debug.win32\link.1080-rc.read.1.tlog
D:\cocos2d\cocos2d-x-2.1.5\projects\MyProject\proj.win32\Debug.win32\link.1080-rc.write.1.tlog
D:\cocos2d\cocos2d-x-2.1.5\projects\MyProject\proj.win32\Debug.win32\link.1080.read.1.tlog
D:\cocos2d\cocos2d-x-2.1.5\projects\MyProject\proj.win32\Debug.win32\link.1080.write.1.tlog
D:\cocos2d\cocos2d-x-2.1.5\projects\MyProject\proj.win32\Debug.win32\link.1212-cvtres.read.1.tlog
D:\cocos2d\cocos2d-x-2.1.5\projects\MyProject\proj.win32\Debug.win32\link.1212-cvtres.write.1.tlog
D:\cocos2d\cocos2d-x-2.1.5\projects\MyProject\proj.win32\Debug.win32\link.1212-rc.read.1.tlog
D:\cocos2d\cocos2d-x-2.1.5\projects\MyProject\proj.win32\Debug.win32\link.1212-rc.write.1.tlog
D:\cocos2d\cocos2d-x-2.1.5\projects\MyProject\proj.win32\Debug.win32\link.1212.read.1.tlog
D:\cocos2d\cocos2d-x-2.1.5\projects\MyProject\proj.win32\Debug.win32\link.1212.write.1.tlog
D:\cocos2d\cocos2d-x-2.1.5\projects\MyProject\proj.win32\Debug.win32\link.2492-cvtres.read.1.tlog
D:\cocos2d\cocos2d-x-2.1.5\projects\MyProject\proj.win32\Debug.win32\link.2492-cvtres.write.1.tlog
D:\cocos2d\cocos2d-x-2.1.5\projects\MyProject\proj.win32\Debug.win32\link.2492-rc.read.1.tlog
D:\cocos2d\cocos2d-x-2.1.5\projects\MyProject\proj.win32\Debug.win32\link.2492-rc.write.1.tlog
D:\cocos2d\cocos2d-x-2.1.5\projects\MyProject\proj.win32\Debug.win32\link.2492.read.1.tlog
D:\cocos2d\cocos2d-x-2.1.5\projects\MyProject\proj.win32\Debug.win32\link.2492.write.1.tlog
D:\cocos2d\cocos2d-x-2.1.5\projects\MyProject\proj.win32\Debug.win32\link.2596-cvtres.read.1.tlog
D:\cocos2d\cocos2d-x-2.1.5\projects\MyProject\proj.win32\Debug.win32\link.2596-cvtres.write.1.tlog
D:\cocos2d\cocos2d-x-2.1.5\projects\MyProject\proj.win32\Debug.win32\link.2596-rc.read.1.tlog
D:\cocos2d\cocos2d-x-2.1.5\projects\MyProject\proj.win32\Debug.win32\link.2596-rc.write.1.tlog
D:\cocos2d\cocos2d-x-2.1.5\projects\MyProject\proj.win32\Debug.win32\link.2596.read.1.tlog
D:\cocos2d\cocos2d-x-2.1.5\projects\MyProject\proj.win32\Debug.win32\link.2596.write.1.tlog
D:\cocos2d\cocos2d-x-2.1.5\projects\MyProject\proj.win32\Debug.win32\link.3852-cvtres.read.1.tlog
D:\cocos2d\cocos2d-x-2.1.5\projects\MyProject\proj.win32\Debug.win32\link.3852-cvtres.write.1.tlog
D:\cocos2d\cocos2d-x-2.1.5\projects\MyProject\proj.win32\Debug.win32\link.3852-rc.read.1.tlog
D:\cocos2d\cocos2d-x-2.1.5\projects\MyProject\proj.win32\Debug.win32\link.3852-rc.write.1.tlog
D:\cocos2d\cocos2d-x-2.1.5\projects\MyProject\proj.win32\Debug.win32\link.3852.read.1.tlog
D:\cocos2d\cocos2d-x-2.1.5\projects\MyProject\proj.win32\Debug.win32\link.3852.write.1.tlog
D:\cocos2d\cocos2d-x-2.1.5\projects\MyProject\proj.win32\Debug.win32\link.3872-cvtres.read.1.tlog
D:\cocos2d\cocos2d-x-2.1.5\projects\MyProject\proj.win32\Debug.win32\link.3872-cvtres.write.1.tlog
D:\cocos2d\cocos2d-x-2.1.5\projects\MyProject\proj.win32\Debug.win32\link.3872-rc.read.1.tlog
D:\cocos2d\cocos2d-x-2.1.5\projects\MyProject\proj.win32\Debug.win32\link.3872-rc.write.1.tlog
D:\cocos2d\cocos2d-x-2.1.5\projects\MyProject\proj.win32\Debug.win32\link.3872.read.1.tlog
D:\cocos2d\cocos2d-x-2.1.5\projects\MyProject\proj.win32\Debug.win32\link.3872.write.1.tlog
D:\cocos2d\cocos2d-x-2.1.5\projects\MyProject\proj.win32\Debug.win32\link.4304-cvtres.read.1.tlog
D:\cocos2d\cocos2d-x-2.1.5\projects\MyProject\proj.win32\Debug.win32\link.4304-cvtres.write.1.tlog
D:\cocos2d\cocos2d-x-2.1.5\projects\MyProject\proj.win32\Debug.win32\link.4304-rc.read.1.tlog
D:\cocos2d\cocos2d-x-2.1.5\projects\MyProject\proj.win32\Debug.win32\link.4304-rc.write.1.tlog
D:\cocos2d\cocos2d-x-2.1.5\projects\MyProject\proj.win32\Debug.win32\link.4304.read.1.tlog
D:\cocos2d\cocos2d-x-2.1.5\projects\MyProject\proj.win32\Debug.win32\link.4304.write.1.tlog
D:\cocos2d\cocos2d-x-2.1.5\projects\MyProject\proj.win32\Debug.win32\link.4540-cvtres.read.1.tlog
D:\cocos2d\cocos2d-x-2.1.5\projects\MyProject\proj.win32\Debug.win32\link.4540-cvtres.write.1.tlog
D:\cocos2d\cocos2d-x-2.1.5\projects\MyProject\proj.win32\Debug.win32\link.4540-rc.read.1.tlog
D:\cocos2d\cocos2d-x-2.1.5\projects\MyProject\proj.win32\Debug.win32\link.4540-rc.write.1.tlog
D:\cocos2d\cocos2d-x-2.1.5\projects\MyProject\proj.win32\Debug.win32\link.4540.read.1.tlog
D:\cocos2d\cocos2d-x-2.1.5\projects\MyProject\proj.win32\Debug.win32\link.4540.write.1.tlog
D:\cocos2d\cocos2d-x-2.1.5\projects\MyProject\proj.win32\Debug.win32\link.4736-cvtres.read.1.tlog
D:\cocos2d\cocos2d-x-2.1.5\projects\MyProject\proj.win32\Debug.win32\link.4736-cvtres.write.1.tlog
D:\cocos2d\cocos2d-x-2.1.5\projects\MyProject\proj.win32\Debug.win32\link.4736-rc.read.1.tlog
D:\cocos2d\cocos2d-x-2.1.5\projects\MyProject\proj.win32\Debug.win32\link.4736-rc.write.1.tlog
D:\cocos2d\cocos2d-x-2.1.5\projects\MyProject\proj.win32\Debug.win32\link.4736.read.1.tlog
D:\cocos2d\cocos2d-x-2.1.5\projects\MyProject\proj.win32\Debug.win32\link.4736.write.1.tlog
D:\cocos2d\cocos2d-x-2.1.5\projects\MyProject\proj.win32\Debug.win32\link.4752-cvtres.read.1.tlog
D:\cocos2d\cocos2d-x-2.1.5\projects\MyProject\proj.win32\Debug.win32\link.4752-cvtres.write.1.tlog
D:\cocos2d\cocos2d-x-2.1.5\projects\MyProject\proj.win32\Debug.win32\link.4752-rc.read.1.tlog
D:\cocos2d\cocos2d-x-2.1.5\projects\MyProject\proj.win32\Debug.win32\link.4752-rc.write.1.tlog
D:\cocos2d\cocos2d-x-2.1.5\projects\MyProject\proj.win32\Debug.win32\link.4752.read.1.tlog
D:\cocos2d\cocos2d-x-2.1.5\projects\MyProject\proj.win32\Debug.win32\link.4752.write.1.tlog
D:\cocos2d\cocos2d-x-2.1.5\projects\MyProject\proj.win32\Debug.win32\link.4896-cvtres.read.1.tlog
D:\cocos2d\cocos2d-x-2.1.5\projects\MyProject\proj.win32\Debug.win32\link.4896-cvtres.write.1.tlog
D:\cocos2d\cocos2d-x-2.1.5\projects\MyProject\proj.win32\Debug.win32\link.4896-rc.read.1.tlog
D:\cocos2d\cocos2d-x-2.1.5\projects\MyProject\proj.win32\Debug.win32\link.4896-rc.write.1.tlog
D:\cocos2d\cocos2d-x-2.1.5\projects\MyProject\proj.win32\Debug.win32\link.4896.read.1.tlog
D:\cocos2d\cocos2d-x-2.1.5\projects\MyProject\proj.win32\Debug.win32\link.4896.write.1.tlog
D:\cocos2d\cocos2d-x-2.1.5\projects\MyProject\proj.win32\Debug.win32\link.5260-cvtres.read.1.tlog
D:\cocos2d\cocos2d-x-2.1.5\projects\MyProject\proj.win32\Debug.win32\link.5260-cvtres.write.1.tlog
D:\cocos2d\cocos2d-x-2.1.5\projects\MyProject\proj.win32\Debug.win32\link.5260-rc.read.1.tlog
D:\cocos2d\cocos2d-x-2.1.5\projects\MyProject\proj.win32\Debug.win32\link.5260-rc.write.1.tlog
D:\cocos2d\cocos2d-x-2.1.5\projects\MyProject\proj.win32\Debug.win32\link.5260.read.1.tlog
D:\cocos2d\cocos2d-x-2.1.5\projects\MyProject\proj.win32\Debug.win32\link.5260.write.1.tlog
D:\cocos2d\cocos2d-x-2.1.5\projects\MyProject\proj.win32\Debug.win32\link.5320-cvtres.read.1.tlog
D:\cocos2d\cocos2d-x-2.1.5\projects\MyProject\proj.win32\Debug.win32\link.5320-cvtres.write.1.tlog
D:\cocos2d\cocos2d-x-2.1.5\projects\MyProject\proj.win32\Debug.win32\link.5320-rc.read.1.tlog
D:\cocos2d\cocos2d-x-2.1.5\projects\MyProject\proj.win32\Debug.win32\link.5320-rc.write.1.tlog
D:\cocos2d\cocos2d-x-2.1.5\projects\MyProject\proj.win32\Debug.win32\link.5320.read.1.tlog
D:\cocos2d\cocos2d-x-2.1.5\projects\MyProject\proj.win32\Debug.win32\link.5320.write.1.tlog
D:\cocos2d\cocos2d-x-2.1.5\projects\MyProject\proj.win32\Debug.win32\link.5336-cvtres.read.1.tlog
D:\cocos2d\cocos2d-x-2.1.5\projects\MyProject\proj.win32\Debug.win32\link.5336-cvtres.write.1.tlog
D:\cocos2d\cocos2d-x-2.1.5\projects\MyProject\proj.win32\Debug.win32\link.5336-rc.read.1.tlog
D:\cocos2d\cocos2d-x-2.1.5\projects\MyProject\proj.win32\Debug.win32\link.5336-rc.write.1.tlog
D:\cocos2d\cocos2d-x-2.1.5\projects\MyProject\proj.win32\Debug.win32\link.5336.read.1.tlog
D:\cocos2d\cocos2d-x-2.1.5\projects\MyProject\proj.win32\Debug.win32\link.5336.write.1.tlog
D:\cocos2d\cocos2d-x-2.1.5\projects\MyProject\proj.win32\Debug.win32\link.5536-cvtres.read.1.tlog
D:\cocos2d\cocos2d-x-2.1.5\projects\MyProject\proj.win32\Debug.win32\link.5536-cvtres.write.1.tlog
D:\cocos2d\cocos2d-x-2.1.5\projects\MyProject\proj.win32\Debug.win32\link.5536-rc.read.1.tlog
D:\cocos2d\cocos2d-x-2.1.5\projects\MyProject\proj.win32\Debug.win32\link.5536-rc.write.1.tlog
D:\cocos2d\cocos2d-x-2.1.5\projects\MyProject\proj.win32\Debug.win32\link.5536.read.1.tlog
D:\cocos2d\cocos2d-x-2.1.5\projects\MyProject\proj.win32\Debug.win32\link.5536.write.1.tlog
D:\cocos2d\cocos2d-x-2.1.5\projects\MyProject\proj.win32\Debug.win32\link.5756-cvtres.read.1.tlog
D:\cocos2d\cocos2d-x-2.1.5\projects\MyProject\proj.win32\Debug.win32\link.5756-cvtres.write.1.tlog
D:\cocos2d\cocos2d-x-2.1.5\projects\MyProject\proj.win32\Debug.win32\link.5756-rc.read.1.tlog
D:\cocos2d\cocos2d-x-2.1.5\projects\MyProject\proj.win32\Debug.win32\link.5756-rc.write.1.tlog
D:\cocos2d\cocos2d-x-2.1.5\projects\MyProject\proj.win32\Debug.win32\link.5756.read.1.tlog
D:\cocos2d\cocos2d-x-2.1.5\projects\MyProject\proj.win32\Debug.win32\link.5756.write.1.tlog
D:\cocos2d\cocos2d-x-2.1.5\projects\MyProject\proj.win32\Debug.win32\link.5944-cvtres.read.1.tlog
D:\cocos2d\cocos2d-x-2.1.5\projects\MyProject\proj.win32\Debug.win32\link.5944-cvtres.write.1.tlog
D:\cocos2d\cocos2d-x-2.1.5\projects\MyProject\proj.win32\Debug.win32\link.5944-rc.read.1.tlog
D:\cocos2d\cocos2d-x-2.1.5\projects\MyProject\proj.win32\Debug.win32\link.5944-rc.write.1.tlog
D:\cocos2d\cocos2d-x-2.1.5\projects\MyProject\proj.win32\Debug.win32\link.5944.read.1.tlog
D:\cocos2d\cocos2d-x-2.1.5\projects\MyProject\proj.win32\Debug.win32\link.5944.write.1.tlog
D:\cocos2d\cocos2d-x-2.1.5\projects\MyProject\proj.win32\Debug.win32\link.6264-cvtres.read.1.tlog
D:\cocos2d\cocos2d-x-2.1.5\projects\MyProject\proj.win32\Debug.win32\link.6264-cvtres.write.1.tlog
D:\cocos2d\cocos2d-x-2.1.5\projects\MyProject\proj.win32\Debug.win32\link.6264-rc.read.1.tlog
D:\cocos2d\cocos2d-x-2.1.5\projects\MyProject\proj.win32\Debug.win32\link.6264-rc.write.1.tlog
D:\cocos2d\cocos2d-x-2.1.5\projects\MyProject\proj.win32\Debug.win32\link.6264.read.1.tlog
D:\cocos2d\cocos2d-x-2.1.5\projects\MyProject\proj.win32\Debug.win32\link.6264.write.1.tlog
D:\cocos2d\cocos2d-x-2.1.5\projects\MyProject\proj.win32\Debug.win32\link.6672-cvtres.read.1.tlog
D:\cocos2d\cocos2d-x-2.1.5\projects\MyProject\proj.win32\Debug.win32\link.6672-cvtres.write.1.tlog
D:\cocos2d\cocos2d-x-2.1.5\projects\MyProject\proj.win32\Debug.win32\link.6672-rc.read.1.tlog
D:\cocos2d\cocos2d-x-2.1.5\projects\MyProject\proj.win32\Debug.win32\link.6672-rc.write.1.tlog
D:\cocos2d\cocos2d-x-2.1.5\projects\MyProject\proj.win32\Debug.win32\link.6672.read.1.tlog
D:\cocos2d\cocos2d-x-2.1.5\projects\MyProject\proj.win32\Debug.win32\link.6672.write.1.tlog
D:\cocos2d\cocos2d-x-2.1.5\projects\MyProject\proj.win32\Debug.win32\link.6936-cvtres.read.1.tlog
D:\cocos2d\cocos2d-x-2.1.5\projects\MyProject\proj.win32\Debug.win32\link.6936-cvtres.write.1.tlog
D:\cocos2d\cocos2d-x-2.1.5\projects\MyProject\proj.win32\Debug.win32\link.6936-rc.read.1.tlog
D:\cocos2d\cocos2d-x-2.1.5\projects\MyProject\proj.win32\Debug.win32\link.6936-rc.write.1.tlog
D:\cocos2d\cocos2d-x-2.1.5\projects\MyProject\proj.win32\Debug.win32\link.6936.read.1.tlog
D:\cocos2d\cocos2d-x-2.1.5\projects\MyProject\proj.win32\Debug.win32\link.6936.write.1.tlog
D:\cocos2d\cocos2d-x-2.1.5\projects\MyProject\proj.win32\Debug.win32\link.6944-cvtres.read.1.tlog
D:\cocos2d\cocos2d-x-2.1.5\projects\MyProject\proj.win32\Debug.win32\link.6944-cvtres.write.1.tlog
D:\cocos2d\cocos2d-x-2.1.5\projects\MyProject\proj.win32\Debug.win32\link.6944-rc.read.1.tlog
D:\cocos2d\cocos2d-x-2.1.5\projects\MyProject\proj.win32\Debug.win32\link.6944-rc.write.1.tlog
D:\cocos2d\cocos2d-x-2.1.5\projects\MyProject\proj.win32\Debug.win32\link.6944.read.1.tlog
D:\cocos2d\cocos2d-x-2.1.5\projects\MyProject\proj.win32\Debug.win32\link.6944.write.1.tlog
D:\cocos2d\cocos2d-x-2.1.5\projects\MyProject\proj.win32\Debug.win32\link.7044-cvtres.read.1.tlog
D:\cocos2d\cocos2d-x-2.1.5\projects\MyProject\proj.win32\Debug.win32\link.7044-cvtres.write.1.tlog
D:\cocos2d\cocos2d-x-2.1.5\projects\MyProject\proj.win32\Debug.win32\link.7044-rc.read.1.tlog
D:\cocos2d\cocos2d-x-2.1.5\projects\MyProject\proj.win32\Debug.win32\link.7044-rc.write.1.tlog
D:\cocos2d\cocos2d-x-2.1.5\projects\MyProject\proj.win32\Debug.win32\link.7044.read.1.tlog
D:\cocos2d\cocos2d-x-2.1.5\projects\MyProject\proj.win32\Debug.win32\link.7044.write.1.tlog
D:\cocos2d\cocos2d-x-2.1.5\projects\MyProject\proj.win32\Debug.win32\link.7116-cvtres.read.1.tlog
D:\cocos2d\cocos2d-x-2.1.5\projects\MyProject\proj.win32\Debug.win32\link.7116-cvtres.write.1.tlog
D:\cocos2d\cocos2d-x-2.1.5\projects\MyProject\proj.win32\Debug.win32\link.7116-rc.read.1.tlog
D:\cocos2d\cocos2d-x-2.1.5\projects\MyProject\proj.win32\Debug.win32\link.7116-rc.write.1.tlog
D:\cocos2d\cocos2d-x-2.1.5\projects\MyProject\proj.win32\Debug.win32\link.7116.read.1.tlog
D:\cocos2d\cocos2d-x-2.1.5\projects\MyProject\proj.win32\Debug.win32\link.7116.write.1.tlog
D:\cocos2d\cocos2d-x-2.1.5\projects\MyProject\proj.win32\Debug.win32\link.7416-cvtres.read.1.tlog
D:\cocos2d\cocos2d-x-2.1.5\projects\MyProject\proj.win32\Debug.win32\link.7416-cvtres.write.1.tlog
D:\cocos2d\cocos2d-x-2.1.5\projects\MyProject\proj.win32\Debug.win32\link.7416-rc.read.1.tlog
D:\cocos2d\cocos2d-x-2.1.5\projects\MyProject\proj.win32\Debug.win32\link.7416-rc.write.1.tlog
D:\cocos2d\cocos2d-x-2.1.5\projects\MyProject\proj.win32\Debug.win32\link.7416.read.1.tlog
D:\cocos2d\cocos2d-x-2.1.5\projects\MyProject\proj.win32\Debug.win32\link.7416.write.1.tlog
D:\cocos2d\cocos2d-x-2.1.5\projects\MyProject\proj.win32\Debug.win32\link.7516-cvtres.read.1.tlog
D:\cocos2d\cocos2d-x-2.1.5\projects\MyProject\proj.win32\Debug.win32\link.7516-cvtres.write.1.tlog
D:\cocos2d\cocos2d-x-2.1.5\projects\MyProject\proj.win32\Debug.win32\link.7516-rc.read.1.tlog
D:\cocos2d\cocos2d-x-2.1.5\projects\MyProject\proj.win32\Debug.win32\link.7516-rc.write.1.tlog
D:\cocos2d\cocos2d-x-2.1.5\projects\MyProject\proj.win32\Debug.win32\link.7516.read.1.tlog
D:\cocos2d\cocos2d-x-2.1.5\projects\MyProject\proj.win32\Debug.win32\link.7516.write.1.tlog
D:\cocos2d\cocos2d-x-2.1.5\projects\MyProject\proj.win32\Debug.win32\link.7528-cvtres.read.1.tlog
D:\cocos2d\cocos2d-x-2.1.5\projects\MyProject\proj.win32\Debug.win32\link.7528-cvtres.write.1.tlog
D:\cocos2d\cocos2d-x-2.1.5\projects\MyProject\proj.win32\Debug.win32\link.7528-rc.read.1.tlog
D:\cocos2d\cocos2d-x-2.1.5\projects\MyProject\proj.win32\Debug.win32\link.7528-rc.write.1.tlog
D:\cocos2d\cocos2d-x-2.1.5\projects\MyProject\proj.win32\Debug.win32\link.7528.read.1.tlog
D:\cocos2d\cocos2d-x-2.1.5\projects\MyProject\proj.win32\Debug.win32\link.7528.write.1.tlog
D:\cocos2d\cocos2d-x-2.1.5\projects\MyProject\proj.win32\Debug.win32\link.7556-cvtres.read.1.tlog
D:\cocos2d\cocos2d-x-2.1.5\projects\MyProject\proj.win32\Debug.win32\link.7556-cvtres.write.1.tlog
D:\cocos2d\cocos2d-x-2.1.5\projects\MyProject\proj.win32\Debug.win32\link.7556-rc.read.1.tlog
D:\cocos2d\cocos2d-x-2.1.5\projects\MyProject\proj.win32\Debug.win32\link.7556-rc.write.1.tlog
D:\cocos2d\cocos2d-x-2.1.5\projects\MyProject\proj.win32\Debug.win32\link.7556.read.1.tlog
D:\cocos2d\cocos2d-x-2.1.5\projects\MyProject\proj.win32\Debug.win32\link.7556.write.1.tlog
D:\cocos2d\cocos2d-x-2.1.5\projects\MyProject\proj.win32\Debug.win32\link.7720-cvtres.read.1.tlog
D:\cocos2d\cocos2d-x-2.1.5\projects\MyProject\proj.win32\Debug.win32\link.7720-cvtres.write.1.tlog
D:\cocos2d\cocos2d-x-2.1.5\projects\MyProject\proj.win32\Debug.win32\link.7720-rc.read.1.tlog
D:\cocos2d\cocos2d-x-2.1.5\projects\MyProject\proj.win32\Debug.win32\link.7720-rc.write.1.tlog
D:\cocos2d\cocos2d-x-2.1.5\projects\MyProject\proj.win32\Debug.win32\link.7720.read.1.tlog
D:\cocos2d\cocos2d-x-2.1.5\projects\MyProject\proj.win32\Debug.win32\link.7720.write.1.tlog
D:\cocos2d\cocos2d-x-2.1.5\projects\MyProject\proj.win32\Debug.win32\link.8124-cvtres.read.1.tlog
D:\cocos2d\cocos2d-x-2.1.5\projects\MyProject\proj.win32\Debug.win32\link.8124-cvtres.write.1.tlog
D:\cocos2d\cocos2d-x-2.1.5\projects\MyProject\proj.win32\Debug.win32\link.8124-rc.read.1.tlog
D:\cocos2d\cocos2d-x-2.1.5\projects\MyProject\proj.win32\Debug.win32\link.8124-rc.write.1.tlog
D:\cocos2d\cocos2d-x-2.1.5\projects\MyProject\proj.win32\Debug.win32\link.8124.read.1.tlog
D:\cocos2d\cocos2d-x-2.1.5\projects\MyProject\proj.win32\Debug.win32\link.8124.write.1.tlog
D:\cocos2d\cocos2d-x-2.1.5\projects\MyProject\proj.win32\Debug.win32\link.8148-cvtres.read.1.tlog
D:\cocos2d\cocos2d-x-2.1.5\projects\MyProject\proj.win32\Debug.win32\link.8148-cvtres.write.1.tlog
D:\cocos2d\cocos2d-x-2.1.5\projects\MyProject\proj.win32\Debug.win32\link.8148-rc.read.1.tlog
D:\cocos2d\cocos2d-x-2.1.5\projects\MyProject\proj.win32\Debug.win32\link.8148-rc.write.1.tlog
D:\cocos2d\cocos2d-x-2.1.5\projects\MyProject\proj.win32\Debug.win32\link.8148.read.1.tlog
D:\cocos2d\cocos2d-x-2.1.5\projects\MyProject\proj.win32\Debug.win32\link.8148.write.1.tlog
D:\cocos2d\cocos2d-x-2.1.5\projects\MyProject\proj.win32\Debug.win32\link.command.1.tlog
D:\cocos2d\cocos2d-x-2.1.5\projects\MyProject\proj.win32\Debug.win32\link.read.1.tlog
D:\cocos2d\cocos2d-x-2.1.5\projects\MyProject\proj.win32\Debug.win32\link.write.1.tlog
D:\cocos2d\cocos2d-x-2.1.5\projects\MyProject\proj.win32\Debug.win32\libcocos2d.exp
D:\cocos2d\cocos2d-x-2.1.5\projects\MyProject\proj.win32\Debug.win32\libCocosDenshion.exp
D:\cocos2d\cocos2d-x-2.1.5\projects\MyProject\proj.win32\Debug.win32\vc110.idb
D:\cocos2d\cocos2d-x-2.1.5\projects\MyProject\proj.win32\Debug.win32\libcocos2d.pdb
D:\cocos2d\cocos2d-x-2.1.5\projects\MyProject\proj.win32\Debug.win32\libCocosDenshion.pdb
D:\cocos2d\cocos2d-x-2.1.5\projects\MyProject\proj.win32\Debug.win32\MyProject.pdb
D:\cocos2d\cocos2d-x-2.1.5\projects\MyProject\proj.win32\Debug.win32\vc110.pdb
D:\cocos2d\cocos2d-x-2.1.5\projects\MyProject\proj.win32\Debug.win32\MyProject.exe
